{"G:\\GoWorks\\src\\HotelM\\index.js":{"path":"G:\\GoWorks\\src\\HotelM\\index.js","s":{"1":1,"2":1,"3":1,"4":1,"5":1,"6":1,"7":1,"8":1,"9":1,"10":1,"11":1,"12":1,"13":1,"14":1,"15":1,"16":1,"17":1,"18":1,"19":1,"20":18,"21":18,"22":18,"23":18,"24":1,"25":1,"26":1,"27":1,"28":1,"29":0,"30":0},"b":{"1":[1,0]},"f":{"1":18,"2":0},"fnMap":{"1":{"name":"(anonymous_1)","line":50,"loc":{"start":{"line":50,"column":8},"end":{"line":50,"column":34}}},"2":{"name":"(anonymous_2)","line":90,"loc":{"start":{"line":90,"column":26},"end":{"line":90,"column":38}}}},"statementMap":{"1":{"start":{"line":1,"column":0},"end":{"line":1,"column":28}},"2":{"start":{"line":2,"column":0},"end":{"line":2,"column":34}},"3":{"start":{"line":3,"column":0},"end":{"line":3,"column":42}},"4":{"start":{"line":4,"column":0},"end":{"line":4,"column":52}},"5":{"start":{"line":5,"column":0},"end":{"line":5,"column":38}},"6":{"start":{"line":6,"column":0},"end":{"line":6,"column":48}},"7":{"start":{"line":7,"column":0},"end":{"line":7,"column":34}},"8":{"start":{"line":8,"column":0},"end":{"line":8,"column":32}},"9":{"start":{"line":9,"column":0},"end":{"line":9,"column":34}},"10":{"start":{"line":10,"column":0},"end":{"line":10,"column":49}},"11":{"start":{"line":12,"column":0},"end":{"line":12,"column":21}},"12":{"start":{"line":15,"column":0},"end":{"line":15,"column":47}},"13":{"start":{"line":17,"column":0},"end":{"line":17,"column":29}},"14":{"start":{"line":20,"column":0},"end":{"line":20,"column":55}},"15":{"start":{"line":22,"column":0},"end":{"line":33,"column":3}},"16":{"start":{"line":35,"column":0},"end":{"line":35,"column":16}},"17":{"start":{"line":38,"column":0},"end":{"line":41,"column":3}},"18":{"start":{"line":44,"column":0},"end":{"line":47,"column":1}},"19":{"start":{"line":50,"column":0},"end":{"line":55,"column":2}},"20":{"start":{"line":51,"column":2},"end":{"line":51,"column":36}},"21":{"start":{"line":52,"column":2},"end":{"line":52,"column":54}},"22":{"start":{"line":53,"column":2},"end":{"line":53,"column":50}},"23":{"start":{"line":54,"column":2},"end":{"line":54,"column":8}},"24":{"start":{"line":58,"column":0},"end":{"line":68,"column":3}},"25":{"start":{"line":70,"column":0},"end":{"line":70,"column":11}},"26":{"start":{"line":72,"column":0},"end":{"line":82,"column":3}},"27":{"start":{"line":85,"column":0},"end":{"line":93,"column":1}},"28":{"start":{"line":87,"column":2},"end":{"line":87,"column":22}},"29":{"start":{"line":90,"column":2},"end":{"line":92,"column":4}},"30":{"start":{"line":91,"column":4},"end":{"line":91,"column":63}}},"branchMap":{"1":{"line":85,"type":"if","locations":[{"start":{"line":85,"column":0},"end":{"line":85,"column":0}},{"start":{"line":85,"column":0},"end":{"line":85,"column":0}}]}}},"G:\\GoWorks\\src\\HotelM\\config\\default.js":{"path":"G:\\GoWorks\\src\\HotelM\\config\\default.js","s":{"1":1,"2":1},"b":{},"f":{},"fnMap":{},"statementMap":{"1":{"start":{"line":1,"column":0},"end":{"line":1,"column":41}},"2":{"start":{"line":3,"column":0},"end":{"line":11,"column":1}}},"branchMap":{}},"G:\\GoWorks\\src\\HotelM\\routes\\index.js":{"path":"G:\\GoWorks\\src\\HotelM\\routes\\index.js","s":{"1":1,"2":1,"3":1,"4":1,"5":1,"6":1,"7":1,"8":1,"9":1,"10":1,"11":1,"12":1,"13":1,"14":1,"15":1,"16":1,"17":1,"18":0,"19":1,"20":0,"21":1,"22":0,"23":1,"24":5,"25":1,"26":6,"27":1,"28":3,"29":1,"30":0,"31":1,"32":0,"33":1,"34":0,"35":1,"36":0,"37":1,"38":0,"39":1,"40":0,"41":1,"42":0,"43":1,"44":0,"45":1,"46":0,"47":1,"48":0,"49":1,"50":0,"51":1,"52":0,"53":1,"54":0,"55":1,"56":0,"57":1,"58":0,"59":1,"60":0,"61":1,"62":0,"63":1,"64":0,"65":1,"66":0,"67":1,"68":0,"69":1,"70":0,"71":1,"72":0,"73":1,"74":0,"75":1,"76":0,"77":1,"78":0,"79":1,"80":0,"81":1,"82":0,"83":1,"84":0,"85":1,"86":0,"87":1,"88":0,"89":1,"90":17,"91":2},"b":{"1":[2,15]},"f":{"1":1,"2":0,"3":0,"4":0,"5":5,"6":6,"7":3,"8":0,"9":0,"10":0,"11":0,"12":0,"13":0,"14":0,"15":0,"16":0,"17":0,"18":0,"19":0,"20":0,"21":0,"22":0,"23":0,"24":0,"25":0,"26":0,"27":0,"28":0,"29":0,"30":0,"31":0,"32":0,"33":0,"34":0,"35":0,"36":0,"37":0,"38":17},"fnMap":{"1":{"name":"(anonymous_1)","line":19,"loc":{"start":{"line":19,"column":17},"end":{"line":19,"column":31}}},"2":{"name":"(anonymous_2)","line":20,"loc":{"start":{"line":20,"column":38},"end":{"line":20,"column":63}}},"3":{"name":"(anonymous_3)","line":23,"loc":{"start":{"line":23,"column":39},"end":{"line":23,"column":64}}},"4":{"name":"(anonymous_4)","line":26,"loc":{"start":{"line":26,"column":36},"end":{"line":26,"column":61}}},"5":{"name":"(anonymous_5)","line":29,"loc":{"start":{"line":29,"column":23},"end":{"line":29,"column":48}}},"6":{"name":"(anonymous_6)","line":32,"loc":{"start":{"line":32,"column":24},"end":{"line":32,"column":49}}},"7":{"name":"(anonymous_7)","line":37,"loc":{"start":{"line":37,"column":35},"end":{"line":37,"column":54}}},"8":{"name":"(anonymous_8)","line":40,"loc":{"start":{"line":40,"column":36},"end":{"line":40,"column":55}}},"9":{"name":"(anonymous_9)","line":45,"loc":{"start":{"line":45,"column":39},"end":{"line":45,"column":58}}},"10":{"name":"(anonymous_10)","line":48,"loc":{"start":{"line":48,"column":35},"end":{"line":48,"column":59}}},"11":{"name":"(anonymous_11)","line":51,"loc":{"start":{"line":51,"column":36},"end":{"line":51,"column":61}}},"12":{"name":"(anonymous_12)","line":54,"loc":{"start":{"line":54,"column":38},"end":{"line":54,"column":57}}},"13":{"name":"(anonymous_13)","line":57,"loc":{"start":{"line":57,"column":39},"end":{"line":57,"column":64}}},"14":{"name":"(anonymous_14)","line":60,"loc":{"start":{"line":60,"column":38},"end":{"line":60,"column":57}}},"15":{"name":"(anonymous_15)","line":63,"loc":{"start":{"line":63,"column":39},"end":{"line":63,"column":64}}},"16":{"name":"(anonymous_16)","line":66,"loc":{"start":{"line":66,"column":37},"end":{"line":66,"column":56}}},"17":{"name":"(anonymous_17)","line":69,"loc":{"start":{"line":69,"column":38},"end":{"line":69,"column":63}}},"18":{"name":"(anonymous_18)","line":74,"loc":{"start":{"line":74,"column":36},"end":{"line":74,"column":55}}},"19":{"name":"(anonymous_19)","line":77,"loc":{"start":{"line":77,"column":37},"end":{"line":77,"column":62}}},"20":{"name":"(anonymous_20)","line":82,"loc":{"start":{"line":82,"column":38},"end":{"line":82,"column":57}}},"21":{"name":"(anonymous_21)","line":85,"loc":{"start":{"line":85,"column":39},"end":{"line":85,"column":64}}},"22":{"name":"(anonymous_22)","line":90,"loc":{"start":{"line":90,"column":36},"end":{"line":90,"column":55}}},"23":{"name":"(anonymous_23)","line":93,"loc":{"start":{"line":93,"column":37},"end":{"line":93,"column":62}}},"24":{"name":"(anonymous_24)","line":96,"loc":{"start":{"line":96,"column":48},"end":{"line":96,"column":73}}},"25":{"name":"(anonymous_25)","line":99,"loc":{"start":{"line":99,"column":44},"end":{"line":99,"column":63}}},"26":{"name":"(anonymous_26)","line":102,"loc":{"start":{"line":102,"column":45},"end":{"line":102,"column":70}}},"27":{"name":"(anonymous_27)","line":105,"loc":{"start":{"line":105,"column":49},"end":{"line":105,"column":74}}},"28":{"name":"(anonymous_28)","line":110,"loc":{"start":{"line":110,"column":37},"end":{"line":110,"column":56}}},"29":{"name":"(anonymous_29)","line":113,"loc":{"start":{"line":113,"column":38},"end":{"line":113,"column":63}}},"30":{"name":"(anonymous_30)","line":116,"loc":{"start":{"line":116,"column":49},"end":{"line":116,"column":68}}},"31":{"name":"(anonymous_31)","line":119,"loc":{"start":{"line":119,"column":50},"end":{"line":119,"column":75}}},"32":{"name":"(anonymous_32)","line":123,"loc":{"start":{"line":123,"column":37},"end":{"line":123,"column":56}}},"33":{"name":"(anonymous_33)","line":126,"loc":{"start":{"line":126,"column":38},"end":{"line":126,"column":63}}},"34":{"name":"(anonymous_34)","line":129,"loc":{"start":{"line":129,"column":47},"end":{"line":129,"column":66}}},"35":{"name":"(anonymous_35)","line":132,"loc":{"start":{"line":132,"column":47},"end":{"line":132,"column":72}}},"36":{"name":"(anonymous_36)","line":137,"loc":{"start":{"line":137,"column":36},"end":{"line":137,"column":55}}},"37":{"name":"(anonymous_37)","line":140,"loc":{"start":{"line":140,"column":37},"end":{"line":140,"column":62}}},"38":{"name":"(anonymous_38)","line":145,"loc":{"start":{"line":145,"column":12},"end":{"line":145,"column":32}}}},"statementMap":{"1":{"start":{"line":2,"column":0},"end":{"line":2,"column":41}},"2":{"start":{"line":3,"column":0},"end":{"line":3,"column":41}},"3":{"start":{"line":4,"column":0},"end":{"line":4,"column":43}},"4":{"start":{"line":5,"column":0},"end":{"line":5,"column":41}},"5":{"start":{"line":6,"column":0},"end":{"line":6,"column":43}},"6":{"start":{"line":7,"column":0},"end":{"line":7,"column":45}},"7":{"start":{"line":8,"column":0},"end":{"line":8,"column":45}},"8":{"start":{"line":9,"column":0},"end":{"line":9,"column":49}},"9":{"start":{"line":10,"column":0},"end":{"line":10,"column":53}},"10":{"start":{"line":11,"column":0},"end":{"line":11,"column":43}},"11":{"start":{"line":12,"column":0},"end":{"line":12,"column":47}},"12":{"start":{"line":13,"column":0},"end":{"line":13,"column":43}},"13":{"start":{"line":14,"column":0},"end":{"line":14,"column":43}},"14":{"start":{"line":15,"column":0},"end":{"line":15,"column":61}},"15":{"start":{"line":16,"column":0},"end":{"line":16,"column":67}},"16":{"start":{"line":19,"column":0},"end":{"line":150,"column":1}},"17":{"start":{"line":20,"column":4},"end":{"line":22,"column":6}},"18":{"start":{"line":21,"column":8},"end":{"line":21,"column":51}},"19":{"start":{"line":23,"column":4},"end":{"line":25,"column":6}},"20":{"start":{"line":24,"column":8},"end":{"line":24,"column":52}},"21":{"start":{"line":26,"column":4},"end":{"line":28,"column":6}},"22":{"start":{"line":27,"column":8},"end":{"line":27,"column":53}},"23":{"start":{"line":29,"column":4},"end":{"line":31,"column":6}},"24":{"start":{"line":30,"column":8},"end":{"line":30,"column":51}},"25":{"start":{"line":32,"column":4},"end":{"line":34,"column":6}},"26":{"start":{"line":33,"column":8},"end":{"line":33,"column":60}},"27":{"start":{"line":37,"column":4},"end":{"line":39,"column":6}},"28":{"start":{"line":38,"column":8},"end":{"line":38,"column":45}},"29":{"start":{"line":40,"column":4},"end":{"line":42,"column":6}},"30":{"start":{"line":41,"column":8},"end":{"line":41,"column":40}},"31":{"start":{"line":45,"column":4},"end":{"line":47,"column":6}},"32":{"start":{"line":46,"column":8},"end":{"line":46,"column":53}},"33":{"start":{"line":48,"column":4},"end":{"line":50,"column":6}},"34":{"start":{"line":49,"column":8},"end":{"line":49,"column":55}},"35":{"start":{"line":51,"column":4},"end":{"line":53,"column":6}},"36":{"start":{"line":52,"column":8},"end":{"line":52,"column":57}},"37":{"start":{"line":54,"column":4},"end":{"line":56,"column":6}},"38":{"start":{"line":55,"column":8},"end":{"line":55,"column":53}},"39":{"start":{"line":57,"column":4},"end":{"line":59,"column":6}},"40":{"start":{"line":58,"column":8},"end":{"line":58,"column":55}},"41":{"start":{"line":60,"column":4},"end":{"line":62,"column":6}},"42":{"start":{"line":61,"column":8},"end":{"line":61,"column":53}},"43":{"start":{"line":63,"column":4},"end":{"line":65,"column":6}},"44":{"start":{"line":64,"column":8},"end":{"line":64,"column":55}},"45":{"start":{"line":66,"column":4},"end":{"line":68,"column":6}},"46":{"start":{"line":67,"column":8},"end":{"line":67,"column":52}},"47":{"start":{"line":69,"column":4},"end":{"line":71,"column":6}},"48":{"start":{"line":70,"column":8},"end":{"line":70,"column":54}},"49":{"start":{"line":74,"column":4},"end":{"line":76,"column":6}},"50":{"start":{"line":75,"column":8},"end":{"line":75,"column":57}},"51":{"start":{"line":77,"column":4},"end":{"line":79,"column":6}},"52":{"start":{"line":78,"column":8},"end":{"line":78,"column":65}},"53":{"start":{"line":82,"column":4},"end":{"line":84,"column":6}},"54":{"start":{"line":83,"column":8},"end":{"line":83,"column":51}},"55":{"start":{"line":85,"column":4},"end":{"line":87,"column":6}},"56":{"start":{"line":86,"column":8},"end":{"line":86,"column":59}},"57":{"start":{"line":90,"column":4},"end":{"line":92,"column":6}},"58":{"start":{"line":91,"column":8},"end":{"line":91,"column":47}},"59":{"start":{"line":93,"column":4},"end":{"line":95,"column":6}},"60":{"start":{"line":94,"column":8},"end":{"line":94,"column":65}},"61":{"start":{"line":96,"column":5},"end":{"line":98,"column":6}},"62":{"start":{"line":97,"column":8},"end":{"line":97,"column":58}},"63":{"start":{"line":99,"column":4},"end":{"line":101,"column":6}},"64":{"start":{"line":100,"column":8},"end":{"line":100,"column":52}},"65":{"start":{"line":102,"column":4},"end":{"line":104,"column":6}},"66":{"start":{"line":103,"column":8},"end":{"line":103,"column":54}},"67":{"start":{"line":105,"column":4},"end":{"line":107,"column":6}},"68":{"start":{"line":106,"column":8},"end":{"line":106,"column":60}},"69":{"start":{"line":110,"column":4},"end":{"line":112,"column":6}},"70":{"start":{"line":111,"column":8},"end":{"line":111,"column":49}},"71":{"start":{"line":113,"column":4},"end":{"line":115,"column":6}},"72":{"start":{"line":114,"column":8},"end":{"line":114,"column":56}},"73":{"start":{"line":116,"column":4},"end":{"line":118,"column":6}},"74":{"start":{"line":117,"column":8},"end":{"line":117,"column":61}},"75":{"start":{"line":119,"column":4},"end":{"line":121,"column":6}},"76":{"start":{"line":120,"column":8},"end":{"line":120,"column":68}},"77":{"start":{"line":123,"column":4},"end":{"line":125,"column":6}},"78":{"start":{"line":124,"column":8},"end":{"line":124,"column":53}},"79":{"start":{"line":126,"column":4},"end":{"line":128,"column":6}},"80":{"start":{"line":127,"column":8},"end":{"line":127,"column":60}},"81":{"start":{"line":129,"column":5},"end":{"line":131,"column":6}},"82":{"start":{"line":130,"column":8},"end":{"line":130,"column":60}},"83":{"start":{"line":132,"column":4},"end":{"line":134,"column":6}},"84":{"start":{"line":133,"column":8},"end":{"line":133,"column":63}},"85":{"start":{"line":137,"column":4},"end":{"line":139,"column":6}},"86":{"start":{"line":138,"column":8},"end":{"line":138,"column":47}},"87":{"start":{"line":140,"column":4},"end":{"line":142,"column":6}},"88":{"start":{"line":141,"column":8},"end":{"line":141,"column":55}},"89":{"start":{"line":145,"column":4},"end":{"line":149,"column":6}},"90":{"start":{"line":146,"column":6},"end":{"line":148,"column":7}},"91":{"start":{"line":147,"column":8},"end":{"line":147,"column":37}}},"branchMap":{"1":{"line":146,"type":"if","locations":[{"start":{"line":146,"column":6},"end":{"line":146,"column":6}},{"start":{"line":146,"column":6},"end":{"line":146,"column":6}}]}}},"G:\\GoWorks\\src\\HotelM\\routes\\signin.js":{"path":"G:\\GoWorks\\src\\HotelM\\routes\\signin.js","s":{"1":1,"2":1,"3":1,"4":1,"5":1,"6":1,"7":0,"8":0,"9":0,"10":0,"11":0,"12":0,"13":0,"14":0,"15":0,"16":0,"17":0,"18":0,"19":0,"20":0,"21":0,"22":0,"23":0,"24":0,"25":0,"26":0,"27":0},"b":{"1":[0,0],"2":[0,0],"3":[0,0],"4":[0,0]},"f":{"1":0,"2":0,"3":0},"fnMap":{"1":{"name":"(anonymous_1)","line":10,"loc":{"start":{"line":10,"column":14},"end":{"line":10,"column":40}}},"2":{"name":"(anonymous_2)","line":15,"loc":{"start":{"line":15,"column":15},"end":{"line":15,"column":39}}},"3":{"name":"(anonymous_3)","line":32,"loc":{"start":{"line":32,"column":12},"end":{"line":32,"column":28}}}},"statementMap":{"1":{"start":{"line":1,"column":0},"end":{"line":1,"column":28}},"2":{"start":{"line":2,"column":0},"end":{"line":2,"column":34}},"3":{"start":{"line":3,"column":0},"end":{"line":3,"column":31}},"4":{"start":{"line":5,"column":0},"end":{"line":5,"column":44}},"5":{"start":{"line":6,"column":0},"end":{"line":6,"column":67}},"6":{"start":{"line":8,"column":0},"end":{"line":50,"column":1}},"7":{"start":{"line":11,"column":4},"end":{"line":11,"column":25}},"8":{"start":{"line":16,"column":4},"end":{"line":16,"column":32}},"9":{"start":{"line":17,"column":4},"end":{"line":17,"column":40}},"10":{"start":{"line":19,"column":4},"end":{"line":29,"column":5}},"11":{"start":{"line":20,"column":6},"end":{"line":22,"column":7}},"12":{"start":{"line":21,"column":8},"end":{"line":21,"column":33}},"13":{"start":{"line":23,"column":6},"end":{"line":25,"column":7}},"14":{"start":{"line":24,"column":8},"end":{"line":24,"column":32}},"15":{"start":{"line":27,"column":6},"end":{"line":27,"column":35}},"16":{"start":{"line":28,"column":6},"end":{"line":28,"column":36}},"17":{"start":{"line":31,"column":4},"end":{"line":48,"column":8}},"18":{"start":{"line":33,"column":8},"end":{"line":36,"column":9}},"19":{"start":{"line":34,"column":10},"end":{"line":34,"column":37}},"20":{"start":{"line":35,"column":10},"end":{"line":35,"column":40}},"21":{"start":{"line":38,"column":8},"end":{"line":41,"column":9}},"22":{"start":{"line":39,"column":10},"end":{"line":39,"column":40}},"23":{"start":{"line":40,"column":10},"end":{"line":40,"column":40}},"24":{"start":{"line":42,"column":8},"end":{"line":42,"column":36}},"25":{"start":{"line":44,"column":8},"end":{"line":44,"column":28}},"26":{"start":{"line":45,"column":8},"end":{"line":45,"column":31}},"27":{"start":{"line":47,"column":8},"end":{"line":47,"column":31}}},"branchMap":{"1":{"line":20,"type":"if","locations":[{"start":{"line":20,"column":6},"end":{"line":20,"column":6}},{"start":{"line":20,"column":6},"end":{"line":20,"column":6}}]},"2":{"line":23,"type":"if","locations":[{"start":{"line":23,"column":6},"end":{"line":23,"column":6}},{"start":{"line":23,"column":6},"end":{"line":23,"column":6}}]},"3":{"line":33,"type":"if","locations":[{"start":{"line":33,"column":8},"end":{"line":33,"column":8}},{"start":{"line":33,"column":8},"end":{"line":33,"column":8}}]},"4":{"line":38,"type":"if","locations":[{"start":{"line":38,"column":8},"end":{"line":38,"column":8}},{"start":{"line":38,"column":8},"end":{"line":38,"column":8}}]}}},"G:\\GoWorks\\src\\HotelM\\models\\users.js":{"path":"G:\\GoWorks\\src\\HotelM\\models\\users.js","s":{"1":1,"2":1,"3":2,"4":0},"b":{},"f":{"1":2,"2":0},"fnMap":{"1":{"name":"create","line":5,"loc":{"start":{"line":5,"column":10},"end":{"line":5,"column":33}}},"2":{"name":"getUserByName","line":10,"loc":{"start":{"line":10,"column":17},"end":{"line":10,"column":47}}}},"statementMap":{"1":{"start":{"line":1,"column":0},"end":{"line":1,"column":41}},"2":{"start":{"line":3,"column":0},"end":{"line":18,"column":1}},"3":{"start":{"line":6,"column":4},"end":{"line":6,"column":35}},"4":{"start":{"line":11,"column":4},"end":{"line":14,"column":13}}},"branchMap":{}},"G:\\GoWorks\\src\\HotelM\\lib\\mongo.js":{"path":"G:\\GoWorks\\src\\HotelM\\lib\\mongo.js","s":{"1":1,"2":1,"3":1,"4":1,"5":1,"6":1,"7":1,"8":0,"9":0,"10":0,"11":0,"12":0,"13":0,"14":1,"15":1,"16":1,"17":1,"18":1,"19":1,"20":1,"21":1,"22":1,"23":1,"24":1,"25":1},"b":{"1":[0,0]},"f":{"1":0,"2":0,"3":0},"fnMap":{"1":{"name":"(anonymous_1)","line":10,"loc":{"start":{"line":10,"column":15},"end":{"line":10,"column":33}}},"2":{"name":"(anonymous_2)","line":11,"loc":{"start":{"line":11,"column":24},"end":{"line":11,"column":39}}},"3":{"name":"(anonymous_3)","line":16,"loc":{"start":{"line":16,"column":18},"end":{"line":16,"column":35}}}},"statementMap":{"1":{"start":{"line":1,"column":0},"end":{"line":1,"column":48}},"2":{"start":{"line":2,"column":0},"end":{"line":2,"column":38}},"3":{"start":{"line":3,"column":0},"end":{"line":3,"column":33}},"4":{"start":{"line":4,"column":0},"end":{"line":4,"column":33}},"5":{"start":{"line":5,"column":0},"end":{"line":5,"column":32}},"6":{"start":{"line":6,"column":0},"end":{"line":6,"column":60}},"7":{"start":{"line":9,"column":0},"end":{"line":22,"column":2}},"8":{"start":{"line":11,"column":8},"end":{"line":13,"column":10}},"9":{"start":{"line":12,"column":12},"end":{"line":12,"column":94}},"10":{"start":{"line":14,"column":8},"end":{"line":14,"column":22}},"11":{"start":{"line":17,"column":8},"end":{"line":19,"column":9}},"12":{"start":{"line":18,"column":12},"end":{"line":18,"column":98}},"13":{"start":{"line":20,"column":8},"end":{"line":20,"column":21}},"14":{"start":{"line":24,"column":0},"end":{"line":27,"column":2}},"15":{"start":{"line":29,"column":0},"end":{"line":29,"column":56}},"16":{"start":{"line":31,"column":0},"end":{"line":35,"column":2}},"17":{"start":{"line":36,"column":0},"end":{"line":36,"column":58}},"18":{"start":{"line":38,"column":0},"end":{"line":43,"column":2}},"19":{"start":{"line":44,"column":0},"end":{"line":44,"column":58}},"20":{"start":{"line":46,"column":0},"end":{"line":54,"column":2}},"21":{"start":{"line":55,"column":0},"end":{"line":55,"column":65}},"22":{"start":{"line":57,"column":0},"end":{"line":67,"column":2}},"23":{"start":{"line":69,"column":0},"end":{"line":69,"column":75}},"24":{"start":{"line":72,"column":0},"end":{"line":82,"column":2}},"25":{"start":{"line":83,"column":0},"end":{"line":83,"column":66}}},"branchMap":{"1":{"line":17,"type":"if","locations":[{"start":{"line":17,"column":8},"end":{"line":17,"column":8}},{"start":{"line":17,"column":8},"end":{"line":17,"column":8}}]}}},"G:\\GoWorks\\src\\HotelM\\middlewares\\check.js":{"path":"G:\\GoWorks\\src\\HotelM\\middlewares\\check.js","s":{"1":1,"2":3,"3":0,"4":0,"5":3,"6":4,"7":4,"8":4,"9":0},"b":{"1":[0,3],"2":[4,0]},"f":{"1":3,"2":4},"fnMap":{"1":{"name":"checkLogin","line":2,"loc":{"start":{"line":2,"column":16},"end":{"line":2,"column":53}}},"2":{"name":"checkNotLogin","line":10,"loc":{"start":{"line":10,"column":19},"end":{"line":10,"column":59}}}},"statementMap":{"1":{"start":{"line":1,"column":0},"end":{"line":17,"column":3}},"2":{"start":{"line":3,"column":6},"end":{"line":6,"column":7}},"3":{"start":{"line":4,"column":8},"end":{"line":4,"column":33}},"4":{"start":{"line":5,"column":8},"end":{"line":5,"column":38}},"5":{"start":{"line":7,"column":6},"end":{"line":7,"column":12}},"6":{"start":{"line":11,"column":6},"end":{"line":14,"column":7}},"7":{"start":{"line":12,"column":8},"end":{"line":12,"column":33}},"8":{"start":{"line":13,"column":8},"end":{"line":13,"column":38}},"9":{"start":{"line":15,"column":6},"end":{"line":15,"column":12}}},"branchMap":{"1":{"line":3,"type":"if","locations":[{"start":{"line":3,"column":6},"end":{"line":3,"column":6}},{"start":{"line":3,"column":6},"end":{"line":3,"column":6}}]},"2":{"line":11,"type":"if","locations":[{"start":{"line":11,"column":6},"end":{"line":11,"column":6}},{"start":{"line":11,"column":6},"end":{"line":11,"column":6}}]}}},"G:\\GoWorks\\src\\HotelM\\routes\\manage.js":{"path":"G:\\GoWorks\\src\\HotelM\\routes\\manage.js","s":{"1":1,"2":1,"3":1,"4":1,"5":1,"6":1,"7":1,"8":1,"9":3,"10":3,"11":3,"12":0,"13":3,"14":3,"15":90,"16":90,"17":90,"18":90,"19":90,"20":3,"21":0,"22":0,"23":0,"24":0,"25":0,"26":0},"b":{"1":[0,3],"2":[93,90]},"f":{"1":3,"2":3,"3":90,"4":0},"fnMap":{"1":{"name":"managePage","line":10,"loc":{"start":{"line":10,"column":14},"end":{"line":10,"column":44}}},"2":{"name":"(anonymous_2)","line":12,"loc":{"start":{"line":12,"column":10},"end":{"line":12,"column":28}}},"3":{"name":"(anonymous_3)","line":19,"loc":{"start":{"line":19,"column":8},"end":{"line":19,"column":28}}},"4":{"name":"clear","line":33,"loc":{"start":{"line":33,"column":9},"end":{"line":33,"column":34}}}},"statementMap":{"1":{"start":{"line":1,"column":0},"end":{"line":1,"column":34}},"2":{"start":{"line":2,"column":0},"end":{"line":2,"column":31}},"3":{"start":{"line":3,"column":0},"end":{"line":3,"column":44}},"4":{"start":{"line":4,"column":0},"end":{"line":4,"column":59}},"5":{"start":{"line":5,"column":0},"end":{"line":5,"column":40}},"6":{"start":{"line":6,"column":0},"end":{"line":6,"column":41}},"7":{"start":{"line":7,"column":0},"end":{"line":7,"column":48}},"8":{"start":{"line":9,"column":0},"end":{"line":42,"column":1}},"9":{"start":{"line":11,"column":4},"end":{"line":27,"column":6}},"10":{"start":{"line":13,"column":6},"end":{"line":13,"column":17}},"11":{"start":{"line":14,"column":6},"end":{"line":16,"column":7}},"12":{"start":{"line":15,"column":8},"end":{"line":15,"column":76}},"13":{"start":{"line":17,"column":6},"end":{"line":17,"column":24}},"14":{"start":{"line":18,"column":6},"end":{"line":25,"column":7}},"15":{"start":{"line":19,"column":7},"end":{"line":24,"column":12}},"16":{"start":{"line":20,"column":9},"end":{"line":20,"column":89}},"17":{"start":{"line":21,"column":10},"end":{"line":21,"column":101}},"18":{"start":{"line":22,"column":10},"end":{"line":22,"column":110}},"19":{"start":{"line":23,"column":10},"end":{"line":23,"column":110}},"20":{"start":{"line":26,"column":6},"end":{"line":26,"column":44}},"21":{"start":{"line":34,"column":4},"end":{"line":34,"column":31}},"22":{"start":{"line":35,"column":4},"end":{"line":35,"column":26}},"23":{"start":{"line":36,"column":4},"end":{"line":36,"column":19}},"24":{"start":{"line":37,"column":4},"end":{"line":37,"column":19}},"25":{"start":{"line":38,"column":4},"end":{"line":38,"column":26}},"26":{"start":{"line":39,"column":4},"end":{"line":39,"column":27}}},"branchMap":{"1":{"line":14,"type":"if","locations":[{"start":{"line":14,"column":6},"end":{"line":14,"column":6}},{"start":{"line":14,"column":6},"end":{"line":14,"column":6}}]},"2":{"line":18,"type":"binary-expr","locations":[{"start":{"line":18,"column":22},"end":{"line":18,"column":28}},{"start":{"line":18,"column":32},"end":{"line":18,"column":50}}]}}},"G:\\GoWorks\\src\\HotelM\\models\\rooms.js":{"path":"G:\\GoWorks\\src\\HotelM\\models\\rooms.js","s":{"1":1,"2":1,"3":0,"4":0,"5":0,"6":0,"7":0,"8":0,"9":0,"10":0,"11":0,"12":0,"13":0},"b":{},"f":{"1":0,"2":0,"3":0,"4":0,"5":0,"6":0,"7":0,"8":0,"9":0,"10":0,"11":0},"fnMap":{"1":{"name":"getRoomByNumber","line":6,"loc":{"start":{"line":6,"column":19},"end":{"line":6,"column":53}}},"2":{"name":"getRoomByType","line":11,"loc":{"start":{"line":11,"column":17},"end":{"line":11,"column":47}}},"3":{"name":"getAllRoomInfo","line":16,"loc":{"start":{"line":16,"column":18},"end":{"line":16,"column":45}}},"4":{"name":"create","line":21,"loc":{"start":{"line":21,"column":10},"end":{"line":21,"column":33}}},"5":{"name":"delRoomById","line":26,"loc":{"start":{"line":26,"column":15},"end":{"line":26,"column":45}}},"6":{"name":"getSingleRoomNumber","line":36,"loc":{"start":{"line":36,"column":23},"end":{"line":36,"column":55}}},"7":{"name":"getDoubleRoomNumber","line":41,"loc":{"start":{"line":41,"column":23},"end":{"line":41,"column":55}}},"8":{"name":"getBigRoomNumber","line":46,"loc":{"start":{"line":46,"column":20},"end":{"line":46,"column":49}}},"9":{"name":"getRoomIdByType","line":52,"loc":{"start":{"line":52,"column":19},"end":{"line":52,"column":51}}},"10":{"name":"setStatusByRoomNumer","line":57,"loc":{"start":{"line":57,"column":24},"end":{"line":57,"column":74}}},"11":{"name":"deleteAll","line":62,"loc":{"start":{"line":62,"column":13},"end":{"line":62,"column":34}}}},"statementMap":{"1":{"start":{"line":1,"column":0},"end":{"line":1,"column":41}},"2":{"start":{"line":3,"column":0},"end":{"line":65,"column":1}},"3":{"start":{"line":7,"column":4},"end":{"line":7,"column":58}},"4":{"start":{"line":12,"column":4},"end":{"line":12,"column":45}},"5":{"start":{"line":17,"column":4},"end":{"line":17,"column":29}},"6":{"start":{"line":22,"column":4},"end":{"line":22,"column":35}},"7":{"start":{"line":27,"column":4},"end":{"line":27,"column":60}},"8":{"start":{"line":37,"column":4},"end":{"line":37,"column":55}},"9":{"start":{"line":42,"column":4},"end":{"line":42,"column":55}},"10":{"start":{"line":47,"column":4},"end":{"line":47,"column":54}},"11":{"start":{"line":53,"column":4},"end":{"line":53,"column":52}},"12":{"start":{"line":58,"column":4},"end":{"line":58,"column":88}},"13":{"start":{"line":63,"column":4},"end":{"line":63,"column":26}}},"branchMap":{}},"G:\\GoWorks\\src\\HotelM\\models\\emptyRoomNumber.js":{"path":"G:\\GoWorks\\src\\HotelM\\models\\emptyRoomNumber.js","s":{"1":1,"2":1,"3":1,"4":1,"5":0,"6":3,"7":3,"8":3,"9":90,"10":90,"11":90,"12":90,"13":0,"14":3,"15":3,"16":3,"17":0,"18":0,"19":0,"20":0,"21":0,"22":0,"23":0,"24":0,"25":0,"26":0,"27":0,"28":0,"29":0,"30":0,"31":0,"32":0,"33":0,"34":0,"35":0,"36":0,"37":0,"38":0,"39":0,"40":0,"41":0,"42":0,"43":0,"44":0,"45":0,"46":0,"47":0,"48":0,"49":0,"50":0,"51":0,"52":0,"53":0,"54":0,"55":0,"56":0,"57":0,"58":0,"59":0,"60":0,"61":0,"62":0,"63":0,"64":0,"65":0,"66":0,"67":0,"68":0,"69":0,"70":0,"71":0,"72":0,"73":0,"74":0,"75":0,"76":0,"77":0,"78":0,"79":0,"80":0},"b":{"1":[0,90],"2":[0,0],"3":[0,0],"4":[0,0],"5":[0,0],"6":[0,0],"7":[0,0],"8":[0,0],"9":[0,0],"10":[0,0],"11":[0,0],"12":[0,0],"13":[0,0],"14":[0,0]},"f":{"1":0,"2":3,"3":3,"4":90,"5":90,"6":3,"7":3,"8":3,"9":0,"10":0,"11":0,"12":0,"13":0,"14":0,"15":0,"16":0,"17":0,"18":0,"19":0,"20":0,"21":0,"22":0,"23":0,"24":0,"25":0,"26":0,"27":0,"28":0,"29":0,"30":0,"31":0},"fnMap":{"1":{"name":"getEmptyRoomNumberByDays","line":7,"loc":{"start":{"line":7,"column":28},"end":{"line":7,"column":81}}},"2":{"name":"initializeEmptyRoomNumber","line":11,"loc":{"start":{"line":11,"column":29},"end":{"line":11,"column":67}}},"3":{"name":"(anonymous_3)","line":12,"loc":{"start":{"line":12,"column":34},"end":{"line":12,"column":45}}},"4":{"name":"(anonymous_4)","line":15,"loc":{"start":{"line":15,"column":9},"end":{"line":15,"column":27}}},"5":{"name":"(anonymous_5)","line":17,"loc":{"start":{"line":17,"column":92},"end":{"line":17,"column":107}}},"6":{"name":"(anonymous_6)","line":24,"loc":{"start":{"line":24,"column":12},"end":{"line":24,"column":22}}},"7":{"name":"getAllEmptyRoomNumber","line":30,"loc":{"start":{"line":30,"column":25},"end":{"line":30,"column":59}}},"8":{"name":"(anonymous_8)","line":32,"loc":{"start":{"line":32,"column":10},"end":{"line":32,"column":20}}},"9":{"name":"create","line":38,"loc":{"start":{"line":38,"column":10},"end":{"line":38,"column":43}}},"10":{"name":"(anonymous_10)","line":39,"loc":{"start":{"line":39,"column":41},"end":{"line":39,"column":56}}},"11":{"name":"(anonymous_11)","line":41,"loc":{"start":{"line":41,"column":43},"end":{"line":41,"column":58}}},"12":{"name":"(anonymous_12)","line":43,"loc":{"start":{"line":43,"column":42},"end":{"line":43,"column":57}}},"13":{"name":"update","line":52,"loc":{"start":{"line":52,"column":10},"end":{"line":52,"column":28}}},"14":{"name":"reduceNumberByDateAndType","line":65,"loc":{"start":{"line":65,"column":29},"end":{"line":65,"column":85}}},"15":{"name":"(anonymous_15)","line":66,"loc":{"start":{"line":66,"column":73},"end":{"line":66,"column":87}}},"16":{"name":"addNumberByDateAndType","line":78,"loc":{"start":{"line":78,"column":26},"end":{"line":78,"column":79}}},"17":{"name":"(anonymous_17)","line":79,"loc":{"start":{"line":79,"column":74},"end":{"line":79,"column":88}}},"18":{"name":"addNumberBetweenDaysByType","line":92,"loc":{"start":{"line":92,"column":30},"end":{"line":92,"column":90}}},"19":{"name":"(anonymous_19)","line":95,"loc":{"start":{"line":95,"column":7},"end":{"line":95,"column":25}}},"20":{"name":"reduceNumberBetweenDaysByType","line":104,"loc":{"start":{"line":104,"column":33},"end":{"line":104,"column":96}}},"21":{"name":"(anonymous_21)","line":107,"loc":{"start":{"line":107,"column":7},"end":{"line":107,"column":25}}},"22":{"name":"addNumberByType","line":115,"loc":{"start":{"line":115,"column":19},"end":{"line":115,"column":50}}},"23":{"name":"(anonymous_23)","line":118,"loc":{"start":{"line":118,"column":7},"end":{"line":118,"column":24}}},"24":{"name":"reduceNumberByType","line":126,"loc":{"start":{"line":126,"column":22},"end":{"line":126,"column":56}}},"25":{"name":"(anonymous_25)","line":129,"loc":{"start":{"line":129,"column":7},"end":{"line":129,"column":24}}},"26":{"name":"hasEmptyRoomBetweenDaysByType","line":136,"loc":{"start":{"line":136,"column":33},"end":{"line":136,"column":96}}},"27":{"name":"updatePriceBetweenDaysByType","line":154,"loc":{"start":{"line":154,"column":32},"end":{"line":154,"column":100}}},"28":{"name":"(anonymous_28)","line":158,"loc":{"start":{"line":158,"column":7},"end":{"line":158,"column":25}}},"29":{"name":"updatePriceByDateAndType","line":166,"loc":{"start":{"line":166,"column":28},"end":{"line":166,"column":89}}},"30":{"name":"(anonymous_30)","line":167,"loc":{"start":{"line":167,"column":74},"end":{"line":167,"column":88}}},"31":{"name":"deleteAll","line":178,"loc":{"start":{"line":178,"column":13},"end":{"line":178,"column":34}}}},"statementMap":{"1":{"start":{"line":1,"column":0},"end":{"line":1,"column":63}},"2":{"start":{"line":2,"column":0},"end":{"line":2,"column":44}},"3":{"start":{"line":3,"column":0},"end":{"line":3,"column":55}},"4":{"start":{"line":5,"column":0},"end":{"line":181,"column":1}},"5":{"start":{"line":8,"column":4},"end":{"line":8,"column":84}},"6":{"start":{"line":12,"column":4},"end":{"line":26,"column":7}},"7":{"start":{"line":13,"column":6},"end":{"line":13,"column":29}},"8":{"start":{"line":14,"column":6},"end":{"line":23,"column":7}},"9":{"start":{"line":15,"column":8},"end":{"line":22,"column":14}},"10":{"start":{"line":16,"column":10},"end":{"line":16,"column":63}},"11":{"start":{"line":17,"column":10},"end":{"line":21,"column":12}},"12":{"start":{"line":18,"column":12},"end":{"line":20,"column":13}},"13":{"start":{"line":19,"column":14},"end":{"line":19,"column":68}},"14":{"start":{"line":25,"column":6},"end":{"line":25,"column":30}},"15":{"start":{"line":31,"column":4},"end":{"line":34,"column":6}},"16":{"start":{"line":33,"column":6},"end":{"line":33,"column":71}},"17":{"start":{"line":39,"column":4},"end":{"line":48,"column":6}},"18":{"start":{"line":40,"column":6},"end":{"line":40,"column":131}},"19":{"start":{"line":41,"column":6},"end":{"line":47,"column":8}},"20":{"start":{"line":42,"column":8},"end":{"line":42,"column":33}},"21":{"start":{"line":43,"column":8},"end":{"line":46,"column":10}},"22":{"start":{"line":44,"column":10},"end":{"line":44,"column":32}},"23":{"start":{"line":45,"column":10},"end":{"line":45,"column":48}},"24":{"start":{"line":54,"column":4},"end":{"line":54,"column":27}},"25":{"start":{"line":55,"column":4},"end":{"line":55,"column":34}},"26":{"start":{"line":56,"column":4},"end":{"line":56,"column":35}},"27":{"start":{"line":57,"column":4},"end":{"line":57,"column":30}},"28":{"start":{"line":58,"column":4},"end":{"line":58,"column":64}},"29":{"start":{"line":59,"column":4},"end":{"line":59,"column":84}},"30":{"start":{"line":60,"column":4},"end":{"line":60,"column":104}},"31":{"start":{"line":61,"column":4},"end":{"line":61,"column":50}},"32":{"start":{"line":66,"column":3},"end":{"line":74,"column":6}},"33":{"start":{"line":67,"column":6},"end":{"line":73,"column":7}},"34":{"start":{"line":68,"column":8},"end":{"line":68,"column":112}},"35":{"start":{"line":69,"column":13},"end":{"line":73,"column":7}},"36":{"start":{"line":70,"column":8},"end":{"line":70,"column":118}},"37":{"start":{"line":71,"column":13},"end":{"line":73,"column":7}},"38":{"start":{"line":72,"column":8},"end":{"line":72,"column":118}},"39":{"start":{"line":79,"column":4},"end":{"line":87,"column":6}},"40":{"start":{"line":80,"column":6},"end":{"line":86,"column":7}},"41":{"start":{"line":81,"column":8},"end":{"line":81,"column":112}},"42":{"start":{"line":82,"column":13},"end":{"line":86,"column":7}},"43":{"start":{"line":83,"column":8},"end":{"line":83,"column":118}},"44":{"start":{"line":84,"column":13},"end":{"line":86,"column":7}},"45":{"start":{"line":85,"column":8},"end":{"line":85,"column":118}},"46":{"start":{"line":93,"column":4},"end":{"line":93,"column":68}},"47":{"start":{"line":94,"column":4},"end":{"line":99,"column":5}},"48":{"start":{"line":95,"column":6},"end":{"line":98,"column":12}},"49":{"start":{"line":96,"column":8},"end":{"line":96,"column":65}},"50":{"start":{"line":97,"column":8},"end":{"line":97,"column":82}},"51":{"start":{"line":105,"column":4},"end":{"line":105,"column":68}},"52":{"start":{"line":106,"column":4},"end":{"line":111,"column":5}},"53":{"start":{"line":107,"column":6},"end":{"line":110,"column":12}},"54":{"start":{"line":108,"column":8},"end":{"line":108,"column":65}},"55":{"start":{"line":109,"column":8},"end":{"line":109,"column":85}},"56":{"start":{"line":116,"column":4},"end":{"line":116,"column":27}},"57":{"start":{"line":117,"column":4},"end":{"line":122,"column":5}},"58":{"start":{"line":118,"column":6},"end":{"line":121,"column":12}},"59":{"start":{"line":119,"column":8},"end":{"line":119,"column":56}},"60":{"start":{"line":120,"column":8},"end":{"line":120,"column":82}},"61":{"start":{"line":127,"column":4},"end":{"line":127,"column":27}},"62":{"start":{"line":128,"column":4},"end":{"line":133,"column":5}},"63":{"start":{"line":129,"column":6},"end":{"line":132,"column":12}},"64":{"start":{"line":130,"column":8},"end":{"line":130,"column":56}},"65":{"start":{"line":131,"column":8},"end":{"line":131,"column":85}},"66":{"start":{"line":155,"column":4},"end":{"line":155,"column":68}},"67":{"start":{"line":156,"column":4},"end":{"line":156,"column":32}},"68":{"start":{"line":156,"column":19},"end":{"line":156,"column":32}},"69":{"start":{"line":157,"column":4},"end":{"line":162,"column":5}},"70":{"start":{"line":158,"column":6},"end":{"line":161,"column":12}},"71":{"start":{"line":159,"column":8},"end":{"line":159,"column":65}},"72":{"start":{"line":160,"column":8},"end":{"line":160,"column":98}},"73":{"start":{"line":167,"column":4},"end":{"line":175,"column":6}},"74":{"start":{"line":168,"column":6},"end":{"line":174,"column":7}},"75":{"start":{"line":169,"column":8},"end":{"line":169,"column":105}},"76":{"start":{"line":170,"column":13},"end":{"line":174,"column":7}},"77":{"start":{"line":171,"column":8},"end":{"line":171,"column":108}},"78":{"start":{"line":172,"column":13},"end":{"line":174,"column":7}},"79":{"start":{"line":173,"column":8},"end":{"line":173,"column":108}},"80":{"start":{"line":179,"column":4},"end":{"line":179,"column":37}}},"branchMap":{"1":{"line":18,"type":"if","locations":[{"start":{"line":18,"column":12},"end":{"line":18,"column":12}},{"start":{"line":18,"column":12},"end":{"line":18,"column":12}}]},"2":{"line":67,"type":"if","locations":[{"start":{"line":67,"column":6},"end":{"line":67,"column":6}},{"start":{"line":67,"column":6},"end":{"line":67,"column":6}}]},"3":{"line":67,"type":"binary-expr","locations":[{"start":{"line":67,"column":10},"end":{"line":67,"column":22}},{"start":{"line":67,"column":26},"end":{"line":67,"column":41}}]},"4":{"line":69,"type":"if","locations":[{"start":{"line":69,"column":13},"end":{"line":69,"column":13}},{"start":{"line":69,"column":13},"end":{"line":69,"column":13}}]},"5":{"line":69,"type":"binary-expr","locations":[{"start":{"line":69,"column":17},"end":{"line":69,"column":30}},{"start":{"line":69,"column":34},"end":{"line":69,"column":52}}]},"6":{"line":71,"type":"if","locations":[{"start":{"line":71,"column":13},"end":{"line":71,"column":13}},{"start":{"line":71,"column":13},"end":{"line":71,"column":13}}]},"7":{"line":71,"type":"binary-expr","locations":[{"start":{"line":71,"column":17},"end":{"line":71,"column":30}},{"start":{"line":71,"column":34},"end":{"line":71,"column":52}}]},"8":{"line":80,"type":"if","locations":[{"start":{"line":80,"column":6},"end":{"line":80,"column":6}},{"start":{"line":80,"column":6},"end":{"line":80,"column":6}}]},"9":{"line":82,"type":"if","locations":[{"start":{"line":82,"column":13},"end":{"line":82,"column":13}},{"start":{"line":82,"column":13},"end":{"line":82,"column":13}}]},"10":{"line":84,"type":"if","locations":[{"start":{"line":84,"column":13},"end":{"line":84,"column":13}},{"start":{"line":84,"column":13},"end":{"line":84,"column":13}}]},"11":{"line":156,"type":"if","locations":[{"start":{"line":156,"column":4},"end":{"line":156,"column":4}},{"start":{"line":156,"column":4},"end":{"line":156,"column":4}}]},"12":{"line":168,"type":"if","locations":[{"start":{"line":168,"column":6},"end":{"line":168,"column":6}},{"start":{"line":168,"column":6},"end":{"line":168,"column":6}}]},"13":{"line":170,"type":"if","locations":[{"start":{"line":170,"column":13},"end":{"line":170,"column":13}},{"start":{"line":170,"column":13},"end":{"line":170,"column":13}}]},"14":{"line":172,"type":"if","locations":[{"start":{"line":172,"column":13},"end":{"line":172,"column":13}},{"start":{"line":172,"column":13},"end":{"line":172,"column":13}}]}}},"G:\\GoWorks\\src\\HotelM\\middlewares\\dateHelper.js":{"path":"G:\\GoWorks\\src\\HotelM\\middlewares\\dateHelper.js","s":{"1":1,"2":0,"3":0,"4":0,"5":0,"6":0,"7":120,"8":0,"9":120,"10":120,"11":0,"12":0,"13":0,"14":0,"15":0,"16":90,"17":90,"18":90,"19":90,"20":30,"21":30,"22":30,"23":0,"24":0,"25":90,"26":90,"27":0,"28":0,"29":0,"30":0,"31":0,"32":0,"33":0,"34":0,"35":0,"36":0,"37":0,"38":0,"39":0,"40":0,"41":0,"42":0,"43":0,"44":0,"45":0},"b":{"1":[0,120],"2":[120,120,120,120,120,120,120],"3":[120,0],"4":[120,120,0,0],"5":[0,0],"6":[0,0],"7":[0,0],"8":[30,60],"9":[0,30],"10":[0,0],"11":[0,0]},"f":{"1":0,"2":120,"3":90,"4":0,"5":0},"fnMap":{"1":{"name":"dayoffsetBetweenTwoday","line":7,"loc":{"start":{"line":7,"column":26},"end":{"line":7,"column":75}}},"2":{"name":"DaysInMonth","line":18,"loc":{"start":{"line":18,"column":15},"end":{"line":18,"column":49}}},"3":{"name":"getDateAfterDays","line":33,"loc":{"start":{"line":33,"column":20},"end":{"line":33,"column":67}}},"4":{"name":"toDate","line":50,"loc":{"start":{"line":50,"column":11},"end":{"line":50,"column":39}}},"5":{"name":"(anonymous_5)","line":65,"loc":{"start":{"line":65,"column":17},"end":{"line":65,"column":28}}}},"statementMap":{"1":{"start":{"line":1,"column":0},"end":{"line":75,"column":1}},"2":{"start":{"line":9,"column":4},"end":{"line":9,"column":61}},"3":{"start":{"line":10,"column":4},"end":{"line":10,"column":57}},"4":{"start":{"line":12,"column":4},"end":{"line":12,"column":45}},"5":{"start":{"line":13,"column":4},"end":{"line":13,"column":63}},"6":{"start":{"line":14,"column":4},"end":{"line":14,"column":21}},"7":{"start":{"line":19,"column":4},"end":{"line":29,"column":15}},"8":{"start":{"line":20,"column":6},"end":{"line":20,"column":16}},"9":{"start":{"line":21,"column":9},"end":{"line":29,"column":15}},"10":{"start":{"line":22,"column":6},"end":{"line":22,"column":16}},"11":{"start":{"line":23,"column":9},"end":{"line":29,"column":15}},"12":{"start":{"line":24,"column":6},"end":{"line":27,"column":18}},"13":{"start":{"line":25,"column":8},"end":{"line":25,"column":18}},"14":{"start":{"line":27,"column":8},"end":{"line":27,"column":18}},"15":{"start":{"line":29,"column":6},"end":{"line":29,"column":15}},"16":{"start":{"line":34,"column":4},"end":{"line":34,"column":43}},"17":{"start":{"line":35,"column":4},"end":{"line":35,"column":36}},"18":{"start":{"line":36,"column":4},"end":{"line":36,"column":38}},"19":{"start":{"line":37,"column":4},"end":{"line":44,"column":5}},"20":{"start":{"line":38,"column":6},"end":{"line":38,"column":57}},"21":{"start":{"line":39,"column":6},"end":{"line":39,"column":14}},"22":{"start":{"line":40,"column":6},"end":{"line":43,"column":7}},"23":{"start":{"line":41,"column":8},"end":{"line":41,"column":15}},"24":{"start":{"line":42,"column":8},"end":{"line":42,"column":18}},"25":{"start":{"line":45,"column":4},"end":{"line":45,"column":49}},"26":{"start":{"line":46,"column":4},"end":{"line":46,"column":16}},"27":{"start":{"line":51,"column":4},"end":{"line":51,"column":39}},"28":{"start":{"line":55,"column":4},"end":{"line":55,"column":31}},"29":{"start":{"line":56,"column":4},"end":{"line":56,"column":39}},"30":{"start":{"line":57,"column":4},"end":{"line":57,"column":37}},"31":{"start":{"line":58,"column":4},"end":{"line":58,"column":27}},"32":{"start":{"line":59,"column":4},"end":{"line":59,"column":28}},"33":{"start":{"line":60,"column":4},"end":{"line":60,"column":28}},"34":{"start":{"line":61,"column":4},"end":{"line":61,"column":23}},"35":{"start":{"line":62,"column":4},"end":{"line":62,"column":17}},"36":{"start":{"line":66,"column":4},"end":{"line":66,"column":27}},"37":{"start":{"line":67,"column":4},"end":{"line":67,"column":46}},"38":{"start":{"line":68,"column":4},"end":{"line":68,"column":48}},"39":{"start":{"line":69,"column":4},"end":{"line":69,"column":44}},"40":{"start":{"line":69,"column":27},"end":{"line":69,"column":44}},"41":{"start":{"line":70,"column":4},"end":{"line":70,"column":41}},"42":{"start":{"line":71,"column":4},"end":{"line":71,"column":38}},"43":{"start":{"line":71,"column":25},"end":{"line":71,"column":38}},"44":{"start":{"line":72,"column":4},"end":{"line":72,"column":30}},"45":{"start":{"line":73,"column":4},"end":{"line":73,"column":16}}},"branchMap":{"1":{"line":19,"type":"if","locations":[{"start":{"line":19,"column":4},"end":{"line":19,"column":4}},{"start":{"line":19,"column":4},"end":{"line":19,"column":4}}]},"2":{"line":19,"type":"binary-expr","locations":[{"start":{"line":19,"column":8},"end":{"line":19,"column":18}},{"start":{"line":19,"column":22},"end":{"line":19,"column":32}},{"start":{"line":19,"column":36},"end":{"line":19,"column":46}},{"start":{"line":19,"column":50},"end":{"line":19,"column":60}},{"start":{"line":19,"column":64},"end":{"line":19,"column":74}},{"start":{"line":19,"column":78},"end":{"line":19,"column":89}},{"start":{"line":19,"column":93},"end":{"line":19,"column":104}}]},"3":{"line":21,"type":"if","locations":[{"start":{"line":21,"column":9},"end":{"line":21,"column":9}},{"start":{"line":21,"column":9},"end":{"line":21,"column":9}}]},"4":{"line":21,"type":"binary-expr","locations":[{"start":{"line":21,"column":14},"end":{"line":21,"column":24}},{"start":{"line":21,"column":28},"end":{"line":21,"column":38}},{"start":{"line":21,"column":41},"end":{"line":21,"column":51}},{"start":{"line":21,"column":54},"end":{"line":21,"column":65}}]},"5":{"line":23,"type":"if","locations":[{"start":{"line":23,"column":9},"end":{"line":23,"column":9}},{"start":{"line":23,"column":9},"end":{"line":23,"column":9}}]},"6":{"line":24,"type":"if","locations":[{"start":{"line":24,"column":6},"end":{"line":24,"column":6}},{"start":{"line":24,"column":6},"end":{"line":24,"column":6}}]},"7":{"line":24,"type":"binary-expr","locations":[{"start":{"line":24,"column":10},"end":{"line":24,"column":23}},{"start":{"line":24,"column":27},"end":{"line":24,"column":42}}]},"8":{"line":37,"type":"if","locations":[{"start":{"line":37,"column":4},"end":{"line":37,"column":4}},{"start":{"line":37,"column":4},"end":{"line":37,"column":4}}]},"9":{"line":40,"type":"if","locations":[{"start":{"line":40,"column":6},"end":{"line":40,"column":6}},{"start":{"line":40,"column":6},"end":{"line":40,"column":6}}]},"10":{"line":69,"type":"if","locations":[{"start":{"line":69,"column":4},"end":{"line":69,"column":4}},{"start":{"line":69,"column":4},"end":{"line":69,"column":4}}]},"11":{"line":71,"type":"if","locations":[{"start":{"line":71,"column":4},"end":{"line":71,"column":4}},{"start":{"line":71,"column":4},"end":{"line":71,"column":4}}]}}},"G:\\GoWorks\\src\\HotelM\\models\\bookInfo.js":{"path":"G:\\GoWorks\\src\\HotelM\\models\\bookInfo.js","s":{"1":1,"2":1,"3":0,"4":0,"5":0,"6":0,"7":0,"8":0,"9":0,"10":0,"11":0,"12":0,"13":0,"14":0,"15":0,"16":0,"17":0,"18":0},"b":{"1":[0,0],"2":[0,0]},"f":{"1":0,"2":0,"3":0,"4":0,"5":0,"6":0,"7":0,"8":0,"9":0,"10":0,"11":0,"12":0},"fnMap":{"1":{"name":"getBookInfoById","line":5,"loc":{"start":{"line":5,"column":19},"end":{"line":5,"column":49}}},"2":{"name":"getBookInfoByIdAndIdx","line":12,"loc":{"start":{"line":12,"column":25},"end":{"line":12,"column":66}}},"3":{"name":"getBookinfoByEnddates","line":18,"loc":{"start":{"line":18,"column":25},"end":{"line":18,"column":63}}},"4":{"name":"create","line":22,"loc":{"start":{"line":22,"column":10},"end":{"line":22,"column":31}}},"5":{"name":"(anonymous_5)","line":26,"loc":{"start":{"line":26,"column":10},"end":{"line":26,"column":26}}},"6":{"name":"(anonymous_6)","line":28,"loc":{"start":{"line":28,"column":12},"end":{"line":28,"column":26}}},"7":{"name":"(anonymous_7)","line":30,"loc":{"start":{"line":30,"column":14},"end":{"line":30,"column":25}}},"8":{"name":"getIndex","line":49,"loc":{"start":{"line":49,"column":12},"end":{"line":49,"column":38}}},"9":{"name":"(anonymous_9)","line":51,"loc":{"start":{"line":51,"column":10},"end":{"line":51,"column":29}}},"10":{"name":"deleteInfoByidAndIdx","line":68,"loc":{"start":{"line":68,"column":24},"end":{"line":68,"column":64}}},"11":{"name":"deleteInfoByid","line":73,"loc":{"start":{"line":73,"column":18},"end":{"line":73,"column":47}}},"12":{"name":"deleteAll","line":77,"loc":{"start":{"line":77,"column":13},"end":{"line":77,"column":34}}}},"statementMap":{"1":{"start":{"line":1,"column":0},"end":{"line":1,"column":49}},"2":{"start":{"line":3,"column":0},"end":{"line":80,"column":1}},"3":{"start":{"line":6,"column":4},"end":{"line":8,"column":13}},"4":{"start":{"line":13,"column":4},"end":{"line":15,"column":13}},"5":{"start":{"line":19,"column":4},"end":{"line":19,"column":53}},"6":{"start":{"line":23,"column":4},"end":{"line":23,"column":12}},"7":{"start":{"line":24,"column":4},"end":{"line":24,"column":115}},"8":{"start":{"line":25,"column":4},"end":{"line":34,"column":6}},"9":{"start":{"line":27,"column":6},"end":{"line":33,"column":9}},"10":{"start":{"line":29,"column":8},"end":{"line":29,"column":35}},"11":{"start":{"line":32,"column":8},"end":{"line":32,"column":47}},"12":{"start":{"line":50,"column":4},"end":{"line":57,"column":6}},"13":{"start":{"line":52,"column":6},"end":{"line":56,"column":7}},"14":{"start":{"line":53,"column":8},"end":{"line":53,"column":34}},"15":{"start":{"line":55,"column":8},"end":{"line":55,"column":51}},"16":{"start":{"line":69,"column":4},"end":{"line":69,"column":71}},"17":{"start":{"line":74,"column":4},"end":{"line":74,"column":51}},"18":{"start":{"line":78,"column":4},"end":{"line":78,"column":30}}},"branchMap":{"1":{"line":52,"type":"if","locations":[{"start":{"line":52,"column":6},"end":{"line":52,"column":6}},{"start":{"line":52,"column":6},"end":{"line":52,"column":6}}]},"2":{"line":52,"type":"binary-expr","locations":[{"start":{"line":52,"column":10},"end":{"line":52,"column":20}},{"start":{"line":52,"column":24},"end":{"line":52,"column":45}}]}}},"G:\\GoWorks\\src\\HotelM\\models\\checkInfo.js":{"path":"G:\\GoWorks\\src\\HotelM\\models\\checkInfo.js","s":{"1":1,"2":1,"3":1,"4":0,"5":0,"6":0,"7":0,"8":0,"9":0,"10":0,"11":0,"12":0},"b":{},"f":{"1":0,"2":0,"3":0,"4":0,"5":0,"6":0,"7":0,"8":0,"9":0},"fnMap":{"1":{"name":"getCheckInfoById","line":6,"loc":{"start":{"line":6,"column":20},"end":{"line":6,"column":51}}},"2":{"name":"getCheckInfoByRoom","line":14,"loc":{"start":{"line":14,"column":22},"end":{"line":14,"column":59}}},"3":{"name":"getCheckInfoByRoom","line":21,"loc":{"start":{"line":21,"column":31},"end":{"line":21,"column":77}}},"4":{"name":"getAllCheckInfo","line":29,"loc":{"start":{"line":29,"column":19},"end":{"line":29,"column":46}}},"5":{"name":"getCheckInfoByTimeRange","line":34,"loc":{"start":{"line":34,"column":27},"end":{"line":34,"column":79}}},"6":{"name":"create","line":41,"loc":{"start":{"line":41,"column":10},"end":{"line":41,"column":38}}},"7":{"name":"setvalidByRoomNumer","line":45,"loc":{"start":{"line":45,"column":23},"end":{"line":45,"column":79}}},"8":{"name":"delCheckInByRoom","line":49,"loc":{"start":{"line":49,"column":20},"end":{"line":49,"column":51}}},"9":{"name":"deleteAll","line":53,"loc":{"start":{"line":53,"column":13},"end":{"line":53,"column":34}}}},"statementMap":{"1":{"start":{"line":1,"column":0},"end":{"line":1,"column":51}},"2":{"start":{"line":2,"column":0},"end":{"line":2,"column":41}},"3":{"start":{"line":4,"column":0},"end":{"line":56,"column":1}},"4":{"start":{"line":7,"column":4},"end":{"line":10,"column":13}},"5":{"start":{"line":15,"column":4},"end":{"line":18,"column":13}},"6":{"start":{"line":22,"column":4},"end":{"line":25,"column":13}},"7":{"start":{"line":30,"column":4},"end":{"line":30,"column":34}},"8":{"start":{"line":35,"column":4},"end":{"line":37,"column":13}},"9":{"start":{"line":43,"column":4},"end":{"line":43,"column":45}},"10":{"start":{"line":46,"column":4},"end":{"line":46,"column":131}},"11":{"start":{"line":50,"column":4},"end":{"line":50,"column":57}},"12":{"start":{"line":54,"column":4},"end":{"line":54,"column":31}}},"branchMap":{}},"G:\\GoWorks\\src\\HotelM\\models\\customers.js":{"path":"G:\\GoWorks\\src\\HotelM\\models\\customers.js","s":{"1":1,"2":1,"3":0,"4":0,"5":0,"6":0},"b":{},"f":{"1":0,"2":0,"3":0,"4":0},"fnMap":{"1":{"name":"getCusById","line":5,"loc":{"start":{"line":5,"column":14},"end":{"line":5,"column":39}}},"2":{"name":"updateCusScore","line":13,"loc":{"start":{"line":13,"column":18},"end":{"line":13,"column":53}}},"3":{"name":"create","line":18,"loc":{"start":{"line":18,"column":10},"end":{"line":18,"column":37}}},"4":{"name":"deleteAll","line":22,"loc":{"start":{"line":22,"column":13},"end":{"line":22,"column":34}}}},"statementMap":{"1":{"start":{"line":1,"column":0},"end":{"line":1,"column":49}},"2":{"start":{"line":3,"column":0},"end":{"line":25,"column":1}},"3":{"start":{"line":6,"column":4},"end":{"line":9,"column":13}},"4":{"start":{"line":14,"column":4},"end":{"line":14,"column":89}},"5":{"start":{"line":19,"column":4},"end":{"line":19,"column":43}},"6":{"start":{"line":23,"column":4},"end":{"line":23,"column":30}}},"branchMap":{}},"G:\\GoWorks\\src\\HotelM\\routes\\signout.js":{"path":"G:\\GoWorks\\src\\HotelM\\routes\\signout.js","s":{"1":1,"2":1,"3":1,"4":0,"5":0,"6":0,"7":0,"8":0,"9":0,"10":0,"11":0,"12":0,"13":0,"14":0,"15":0,"16":0,"17":0,"18":0,"19":0,"20":0,"21":0,"22":0,"23":0,"24":0,"25":0,"26":0,"27":0,"28":0,"29":0,"30":0,"31":0,"32":0,"33":0,"34":0,"35":0,"36":0,"37":0,"38":0,"39":0,"40":0,"41":0,"42":0,"43":0,"44":0,"45":0,"46":0,"47":0,"48":0,"49":0,"50":0,"51":0,"52":0,"53":0,"54":0,"55":0,"56":0,"57":0,"58":0,"59":0,"60":0,"61":0,"62":0,"63":0,"64":0,"65":0,"66":0,"67":0,"68":0,"69":0,"70":0,"71":0,"72":0,"73":0,"74":0,"75":0,"76":0,"77":0,"78":0,"79":0,"80":0,"81":0,"82":0,"83":0,"84":0,"85":0,"86":0,"87":0,"88":0,"89":0,"90":0,"91":0,"92":0,"93":0,"94":0,"95":0,"96":0,"97":0,"98":0,"99":0,"100":0,"101":0,"102":0,"103":0,"104":0,"105":0,"106":0},"b":{"1":[0,0],"2":[0,0],"3":[0,0],"4":[0,0],"5":[0,0],"6":[0,0],"7":[0,0],"8":[0,0],"9":[0,0],"10":[0,0],"11":[0,0],"12":[0,0],"13":[0,0],"14":[0,0],"15":[0,0],"16":[0,0],"17":[0,0],"18":[0,0],"19":[0,0],"20":[0,0]},"f":{"1":0,"2":0,"3":0,"4":0,"5":0,"6":0,"7":0,"8":0,"9":0,"10":0,"11":0},"fnMap":{"1":{"name":"(anonymous_1)","line":6,"loc":{"start":{"line":6,"column":15},"end":{"line":6,"column":41}}},"2":{"name":"(anonymous_2)","line":13,"loc":{"start":{"line":13,"column":16},"end":{"line":13,"column":35}}},"3":{"name":"(anonymous_3)","line":30,"loc":{"start":{"line":30,"column":12},"end":{"line":30,"column":28}}},"4":{"name":"(anonymous_4)","line":48,"loc":{"start":{"line":48,"column":20},"end":{"line":48,"column":39}}},"5":{"name":"(anonymous_5)","line":65,"loc":{"start":{"line":65,"column":12},"end":{"line":65,"column":28}}},"6":{"name":"(anonymous_6)","line":83,"loc":{"start":{"line":83,"column":21},"end":{"line":83,"column":40}}},"7":{"name":"(anonymous_7)","line":100,"loc":{"start":{"line":100,"column":12},"end":{"line":100,"column":28}}},"8":{"name":"(anonymous_8)","line":118,"loc":{"start":{"line":118,"column":22},"end":{"line":118,"column":41}}},"9":{"name":"(anonymous_9)","line":135,"loc":{"start":{"line":135,"column":12},"end":{"line":135,"column":28}}},"10":{"name":"(anonymous_10)","line":153,"loc":{"start":{"line":153,"column":17},"end":{"line":153,"column":36}}},"11":{"name":"(anonymous_11)","line":170,"loc":{"start":{"line":170,"column":12},"end":{"line":170,"column":28}}}},"statementMap":{"1":{"start":{"line":1,"column":0},"end":{"line":1,"column":34}},"2":{"start":{"line":2,"column":0},"end":{"line":2,"column":31}},"3":{"start":{"line":4,"column":0},"end":{"line":188,"column":1}},"4":{"start":{"line":8,"column":4},"end":{"line":8,"column":27}},"5":{"start":{"line":9,"column":4},"end":{"line":9,"column":32}},"6":{"start":{"line":11,"column":4},"end":{"line":11,"column":27}},"7":{"start":{"line":14,"column":4},"end":{"line":14,"column":32}},"8":{"start":{"line":15,"column":4},"end":{"line":15,"column":40}},"9":{"start":{"line":17,"column":4},"end":{"line":27,"column":5}},"10":{"start":{"line":18,"column":6},"end":{"line":20,"column":7}},"11":{"start":{"line":19,"column":8},"end":{"line":19,"column":33}},"12":{"start":{"line":21,"column":6},"end":{"line":23,"column":7}},"13":{"start":{"line":22,"column":8},"end":{"line":22,"column":32}},"14":{"start":{"line":25,"column":6},"end":{"line":25,"column":35}},"15":{"start":{"line":26,"column":6},"end":{"line":26,"column":33}},"16":{"start":{"line":29,"column":4},"end":{"line":46,"column":8}},"17":{"start":{"line":31,"column":8},"end":{"line":34,"column":9}},"18":{"start":{"line":32,"column":10},"end":{"line":32,"column":37}},"19":{"start":{"line":33,"column":10},"end":{"line":33,"column":37}},"20":{"start":{"line":36,"column":8},"end":{"line":39,"column":9}},"21":{"start":{"line":37,"column":10},"end":{"line":37,"column":40}},"22":{"start":{"line":38,"column":10},"end":{"line":38,"column":37}},"23":{"start":{"line":40,"column":8},"end":{"line":40,"column":36}},"24":{"start":{"line":42,"column":8},"end":{"line":42,"column":28}},"25":{"start":{"line":43,"column":8},"end":{"line":43,"column":31}},"26":{"start":{"line":45,"column":8},"end":{"line":45,"column":31}},"27":{"start":{"line":49,"column":4},"end":{"line":49,"column":32}},"28":{"start":{"line":50,"column":4},"end":{"line":50,"column":40}},"29":{"start":{"line":52,"column":4},"end":{"line":62,"column":5}},"30":{"start":{"line":53,"column":6},"end":{"line":55,"column":7}},"31":{"start":{"line":54,"column":8},"end":{"line":54,"column":33}},"32":{"start":{"line":56,"column":6},"end":{"line":58,"column":7}},"33":{"start":{"line":57,"column":8},"end":{"line":57,"column":32}},"34":{"start":{"line":60,"column":6},"end":{"line":60,"column":35}},"35":{"start":{"line":61,"column":6},"end":{"line":61,"column":33}},"36":{"start":{"line":64,"column":4},"end":{"line":81,"column":8}},"37":{"start":{"line":66,"column":8},"end":{"line":69,"column":9}},"38":{"start":{"line":67,"column":10},"end":{"line":67,"column":37}},"39":{"start":{"line":68,"column":10},"end":{"line":68,"column":37}},"40":{"start":{"line":71,"column":8},"end":{"line":74,"column":9}},"41":{"start":{"line":72,"column":10},"end":{"line":72,"column":40}},"42":{"start":{"line":73,"column":10},"end":{"line":73,"column":37}},"43":{"start":{"line":75,"column":8},"end":{"line":75,"column":36}},"44":{"start":{"line":77,"column":8},"end":{"line":77,"column":28}},"45":{"start":{"line":78,"column":8},"end":{"line":78,"column":31}},"46":{"start":{"line":80,"column":8},"end":{"line":80,"column":31}},"47":{"start":{"line":84,"column":4},"end":{"line":84,"column":32}},"48":{"start":{"line":85,"column":4},"end":{"line":85,"column":40}},"49":{"start":{"line":87,"column":4},"end":{"line":97,"column":5}},"50":{"start":{"line":88,"column":6},"end":{"line":90,"column":7}},"51":{"start":{"line":89,"column":8},"end":{"line":89,"column":33}},"52":{"start":{"line":91,"column":6},"end":{"line":93,"column":7}},"53":{"start":{"line":92,"column":8},"end":{"line":92,"column":32}},"54":{"start":{"line":95,"column":6},"end":{"line":95,"column":35}},"55":{"start":{"line":96,"column":6},"end":{"line":96,"column":33}},"56":{"start":{"line":99,"column":4},"end":{"line":116,"column":8}},"57":{"start":{"line":101,"column":8},"end":{"line":104,"column":9}},"58":{"start":{"line":102,"column":10},"end":{"line":102,"column":37}},"59":{"start":{"line":103,"column":10},"end":{"line":103,"column":37}},"60":{"start":{"line":106,"column":8},"end":{"line":109,"column":9}},"61":{"start":{"line":107,"column":10},"end":{"line":107,"column":40}},"62":{"start":{"line":108,"column":10},"end":{"line":108,"column":37}},"63":{"start":{"line":110,"column":8},"end":{"line":110,"column":36}},"64":{"start":{"line":112,"column":8},"end":{"line":112,"column":28}},"65":{"start":{"line":113,"column":8},"end":{"line":113,"column":31}},"66":{"start":{"line":115,"column":8},"end":{"line":115,"column":31}},"67":{"start":{"line":119,"column":4},"end":{"line":119,"column":32}},"68":{"start":{"line":120,"column":4},"end":{"line":120,"column":40}},"69":{"start":{"line":122,"column":4},"end":{"line":132,"column":5}},"70":{"start":{"line":123,"column":6},"end":{"line":125,"column":7}},"71":{"start":{"line":124,"column":8},"end":{"line":124,"column":33}},"72":{"start":{"line":126,"column":6},"end":{"line":128,"column":7}},"73":{"start":{"line":127,"column":8},"end":{"line":127,"column":32}},"74":{"start":{"line":130,"column":6},"end":{"line":130,"column":35}},"75":{"start":{"line":131,"column":6},"end":{"line":131,"column":33}},"76":{"start":{"line":134,"column":4},"end":{"line":151,"column":8}},"77":{"start":{"line":136,"column":8},"end":{"line":139,"column":9}},"78":{"start":{"line":137,"column":10},"end":{"line":137,"column":37}},"79":{"start":{"line":138,"column":10},"end":{"line":138,"column":37}},"80":{"start":{"line":141,"column":8},"end":{"line":144,"column":9}},"81":{"start":{"line":142,"column":10},"end":{"line":142,"column":40}},"82":{"start":{"line":143,"column":10},"end":{"line":143,"column":37}},"83":{"start":{"line":145,"column":8},"end":{"line":145,"column":36}},"84":{"start":{"line":147,"column":8},"end":{"line":147,"column":28}},"85":{"start":{"line":148,"column":8},"end":{"line":148,"column":31}},"86":{"start":{"line":150,"column":8},"end":{"line":150,"column":31}},"87":{"start":{"line":154,"column":4},"end":{"line":154,"column":32}},"88":{"start":{"line":155,"column":4},"end":{"line":155,"column":40}},"89":{"start":{"line":157,"column":4},"end":{"line":167,"column":5}},"90":{"start":{"line":158,"column":6},"end":{"line":160,"column":7}},"91":{"start":{"line":159,"column":8},"end":{"line":159,"column":33}},"92":{"start":{"line":161,"column":6},"end":{"line":163,"column":7}},"93":{"start":{"line":162,"column":8},"end":{"line":162,"column":32}},"94":{"start":{"line":165,"column":6},"end":{"line":165,"column":35}},"95":{"start":{"line":166,"column":6},"end":{"line":166,"column":33}},"96":{"start":{"line":169,"column":4},"end":{"line":186,"column":8}},"97":{"start":{"line":171,"column":8},"end":{"line":174,"column":9}},"98":{"start":{"line":172,"column":10},"end":{"line":172,"column":37}},"99":{"start":{"line":173,"column":10},"end":{"line":173,"column":37}},"100":{"start":{"line":176,"column":8},"end":{"line":179,"column":9}},"101":{"start":{"line":177,"column":10},"end":{"line":177,"column":40}},"102":{"start":{"line":178,"column":10},"end":{"line":178,"column":37}},"103":{"start":{"line":180,"column":8},"end":{"line":180,"column":36}},"104":{"start":{"line":182,"column":8},"end":{"line":182,"column":28}},"105":{"start":{"line":183,"column":8},"end":{"line":183,"column":31}},"106":{"start":{"line":185,"column":8},"end":{"line":185,"column":31}}},"branchMap":{"1":{"line":18,"type":"if","locations":[{"start":{"line":18,"column":6},"end":{"line":18,"column":6}},{"start":{"line":18,"column":6},"end":{"line":18,"column":6}}]},"2":{"line":21,"type":"if","locations":[{"start":{"line":21,"column":6},"end":{"line":21,"column":6}},{"start":{"line":21,"column":6},"end":{"line":21,"column":6}}]},"3":{"line":31,"type":"if","locations":[{"start":{"line":31,"column":8},"end":{"line":31,"column":8}},{"start":{"line":31,"column":8},"end":{"line":31,"column":8}}]},"4":{"line":36,"type":"if","locations":[{"start":{"line":36,"column":8},"end":{"line":36,"column":8}},{"start":{"line":36,"column":8},"end":{"line":36,"column":8}}]},"5":{"line":53,"type":"if","locations":[{"start":{"line":53,"column":6},"end":{"line":53,"column":6}},{"start":{"line":53,"column":6},"end":{"line":53,"column":6}}]},"6":{"line":56,"type":"if","locations":[{"start":{"line":56,"column":6},"end":{"line":56,"column":6}},{"start":{"line":56,"column":6},"end":{"line":56,"column":6}}]},"7":{"line":66,"type":"if","locations":[{"start":{"line":66,"column":8},"end":{"line":66,"column":8}},{"start":{"line":66,"column":8},"end":{"line":66,"column":8}}]},"8":{"line":71,"type":"if","locations":[{"start":{"line":71,"column":8},"end":{"line":71,"column":8}},{"start":{"line":71,"column":8},"end":{"line":71,"column":8}}]},"9":{"line":88,"type":"if","locations":[{"start":{"line":88,"column":6},"end":{"line":88,"column":6}},{"start":{"line":88,"column":6},"end":{"line":88,"column":6}}]},"10":{"line":91,"type":"if","locations":[{"start":{"line":91,"column":6},"end":{"line":91,"column":6}},{"start":{"line":91,"column":6},"end":{"line":91,"column":6}}]},"11":{"line":101,"type":"if","locations":[{"start":{"line":101,"column":8},"end":{"line":101,"column":8}},{"start":{"line":101,"column":8},"end":{"line":101,"column":8}}]},"12":{"line":106,"type":"if","locations":[{"start":{"line":106,"column":8},"end":{"line":106,"column":8}},{"start":{"line":106,"column":8},"end":{"line":106,"column":8}}]},"13":{"line":123,"type":"if","locations":[{"start":{"line":123,"column":6},"end":{"line":123,"column":6}},{"start":{"line":123,"column":6},"end":{"line":123,"column":6}}]},"14":{"line":126,"type":"if","locations":[{"start":{"line":126,"column":6},"end":{"line":126,"column":6}},{"start":{"line":126,"column":6},"end":{"line":126,"column":6}}]},"15":{"line":136,"type":"if","locations":[{"start":{"line":136,"column":8},"end":{"line":136,"column":8}},{"start":{"line":136,"column":8},"end":{"line":136,"column":8}}]},"16":{"line":141,"type":"if","locations":[{"start":{"line":141,"column":8},"end":{"line":141,"column":8}},{"start":{"line":141,"column":8},"end":{"line":141,"column":8}}]},"17":{"line":158,"type":"if","locations":[{"start":{"line":158,"column":6},"end":{"line":158,"column":6}},{"start":{"line":158,"column":6},"end":{"line":158,"column":6}}]},"18":{"line":161,"type":"if","locations":[{"start":{"line":161,"column":6},"end":{"line":161,"column":6}},{"start":{"line":161,"column":6},"end":{"line":161,"column":6}}]},"19":{"line":171,"type":"if","locations":[{"start":{"line":171,"column":8},"end":{"line":171,"column":8}},{"start":{"line":171,"column":8},"end":{"line":171,"column":8}}]},"20":{"line":176,"type":"if","locations":[{"start":{"line":176,"column":8},"end":{"line":176,"column":8}},{"start":{"line":176,"column":8},"end":{"line":176,"column":8}}]}}},"G:\\GoWorks\\src\\HotelM\\routes\\signup.js":{"path":"G:\\GoWorks\\src\\HotelM\\routes\\signup.js","s":{"1":1,"2":1,"3":1,"4":1,"5":1,"6":1,"7":1,"8":1,"9":5,"10":6,"11":6,"12":6,"13":6,"14":6,"15":6,"16":1,"17":5,"18":1,"19":4,"20":1,"21":3,"22":1,"23":4,"24":4,"25":2,"26":2,"27":2,"28":1,"29":1,"30":1,"31":1,"32":1,"33":1,"34":1,"35":1,"36":0},"b":{"1":[1,5],"2":[6,5],"3":[1,4],"4":[1,3],"5":[1,2],"6":[1,0]},"f":{"1":5,"2":6,"3":1,"4":1},"fnMap":{"1":{"name":"(anonymous_1)","line":11,"loc":{"start":{"line":11,"column":14},"end":{"line":11,"column":40}}},"2":{"name":"(anonymous_2)","line":16,"loc":{"start":{"line":16,"column":24},"end":{"line":16,"column":49}}},"3":{"name":"(anonymous_3)","line":51,"loc":{"start":{"line":51,"column":12},"end":{"line":51,"column":30}}},"4":{"name":"(anonymous_4)","line":62,"loc":{"start":{"line":62,"column":13},"end":{"line":62,"column":26}}}},"statementMap":{"1":{"start":{"line":1,"column":0},"end":{"line":1,"column":24}},"2":{"start":{"line":2,"column":0},"end":{"line":2,"column":28}},"3":{"start":{"line":3,"column":0},"end":{"line":3,"column":28}},"4":{"start":{"line":4,"column":0},"end":{"line":4,"column":34}},"5":{"start":{"line":5,"column":0},"end":{"line":5,"column":31}},"6":{"start":{"line":6,"column":0},"end":{"line":6,"column":44}},"7":{"start":{"line":7,"column":0},"end":{"line":7,"column":67}},"8":{"start":{"line":9,"column":0},"end":{"line":71,"column":1}},"9":{"start":{"line":12,"column":4},"end":{"line":12,"column":25}},"10":{"start":{"line":17,"column":4},"end":{"line":17,"column":32}},"11":{"start":{"line":18,"column":4},"end":{"line":18,"column":38}},"12":{"start":{"line":19,"column":4},"end":{"line":19,"column":44}},"13":{"start":{"line":20,"column":4},"end":{"line":20,"column":42}},"14":{"start":{"line":23,"column":4},"end":{"line":39,"column":5}},"15":{"start":{"line":24,"column":6},"end":{"line":26,"column":7}},"16":{"start":{"line":25,"column":8},"end":{"line":25,"column":42}},"17":{"start":{"line":27,"column":6},"end":{"line":29,"column":7}},"18":{"start":{"line":28,"column":8},"end":{"line":28,"column":37}},"19":{"start":{"line":30,"column":6},"end":{"line":32,"column":7}},"20":{"start":{"line":31,"column":8},"end":{"line":31,"column":36}},"21":{"start":{"line":33,"column":6},"end":{"line":35,"column":7}},"22":{"start":{"line":34,"column":8},"end":{"line":34,"column":33}},"23":{"start":{"line":37,"column":6},"end":{"line":37,"column":35}},"24":{"start":{"line":38,"column":6},"end":{"line":38,"column":36}},"25":{"start":{"line":42,"column":4},"end":{"line":42,"column":29}},"26":{"start":{"line":45,"column":4},"end":{"line":48,"column":5}},"27":{"start":{"line":50,"column":4},"end":{"line":69,"column":8}},"28":{"start":{"line":53,"column":8},"end":{"line":53,"column":28}},"29":{"start":{"line":55,"column":8},"end":{"line":55,"column":28}},"30":{"start":{"line":56,"column":8},"end":{"line":56,"column":31}},"31":{"start":{"line":58,"column":8},"end":{"line":58,"column":36}},"32":{"start":{"line":60,"column":8},"end":{"line":60,"column":31}},"33":{"start":{"line":64,"column":8},"end":{"line":67,"column":9}},"34":{"start":{"line":65,"column":10},"end":{"line":65,"column":39}},"35":{"start":{"line":66,"column":10},"end":{"line":66,"column":40}},"36":{"start":{"line":68,"column":8},"end":{"line":68,"column":15}}},"branchMap":{"1":{"line":24,"type":"if","locations":[{"start":{"line":24,"column":6},"end":{"line":24,"column":6}},{"start":{"line":24,"column":6},"end":{"line":24,"column":6}}]},"2":{"line":24,"type":"binary-expr","locations":[{"start":{"line":24,"column":12},"end":{"line":24,"column":28}},{"start":{"line":24,"column":32},"end":{"line":24,"column":49}}]},"3":{"line":27,"type":"if","locations":[{"start":{"line":27,"column":6},"end":{"line":27,"column":6}},{"start":{"line":27,"column":6},"end":{"line":27,"column":6}}]},"4":{"line":30,"type":"if","locations":[{"start":{"line":30,"column":6},"end":{"line":30,"column":6}},{"start":{"line":30,"column":6},"end":{"line":30,"column":6}}]},"5":{"line":33,"type":"if","locations":[{"start":{"line":33,"column":6},"end":{"line":33,"column":6}},{"start":{"line":33,"column":6},"end":{"line":33,"column":6}}]},"6":{"line":64,"type":"if","locations":[{"start":{"line":64,"column":8},"end":{"line":64,"column":8}},{"start":{"line":64,"column":8},"end":{"line":64,"column":8}}]}}},"G:\\GoWorks\\src\\HotelM\\routes\\balance.js":{"path":"G:\\GoWorks\\src\\HotelM\\routes\\balance.js","s":{"1":1,"2":1,"3":1,"4":1,"5":1,"6":0,"7":0},"b":{},"f":{"1":0,"2":0},"fnMap":{"1":{"name":"balancePage","line":10,"loc":{"start":{"line":10,"column":15},"end":{"line":10,"column":46}}},"2":{"name":"balanceSubmit","line":14,"loc":{"start":{"line":14,"column":17},"end":{"line":14,"column":56}}}},"statementMap":{"1":{"start":{"line":1,"column":0},"end":{"line":1,"column":34}},"2":{"start":{"line":2,"column":0},"end":{"line":2,"column":31}},"3":{"start":{"line":4,"column":0},"end":{"line":4,"column":59}},"4":{"start":{"line":5,"column":0},"end":{"line":5,"column":61}},"5":{"start":{"line":9,"column":0},"end":{"line":18,"column":1}},"6":{"start":{"line":11,"column":4},"end":{"line":11,"column":26}},"7":{"start":{"line":16,"column":4},"end":{"line":16,"column":28}}},"branchMap":{}},"G:\\GoWorks\\src\\HotelM\\routes\\bookroom.js":{"path":"G:\\GoWorks\\src\\HotelM\\routes\\bookroom.js","s":{"1":1,"2":1,"3":1,"4":1,"5":1,"6":1,"7":1,"8":1,"9":0,"10":0,"11":0,"12":0,"13":0,"14":0,"15":0,"16":0,"17":0,"18":0,"19":0,"20":0,"21":0,"22":0,"23":0,"24":0,"25":0,"26":0,"27":0,"28":0,"29":0,"30":0,"31":0,"32":0,"33":0,"34":0,"35":0,"36":0,"37":0,"38":0,"39":0,"40":0,"41":0,"42":0,"43":0,"44":0,"45":0,"46":0,"47":0,"48":0,"49":0,"50":0,"51":0,"52":0,"53":0,"54":0,"55":0,"56":0,"57":0,"58":0,"59":0,"60":0,"61":0,"62":0,"63":0,"64":0,"65":0,"66":0,"67":0,"68":0,"69":0,"70":0,"71":0,"72":0},"b":{"1":[0,0],"2":[0,0],"3":[0,0],"4":[0,0],"5":[0,0,0,0],"6":[0,0],"7":[0,0],"8":[0,0],"9":[0,0],"10":[0,0],"11":[0,0],"12":[0,0,0,0,0,0],"13":[0,0]},"f":{"1":0,"2":0,"3":0,"4":0,"5":0,"6":0,"7":0,"8":0,"9":0,"10":0},"fnMap":{"1":{"name":"(anonymous_1)","line":12,"loc":{"start":{"line":12,"column":16},"end":{"line":12,"column":35}}},"2":{"name":"(anonymous_2)","line":20,"loc":{"start":{"line":20,"column":18},"end":{"line":20,"column":44}}},"3":{"name":"(anonymous_3)","line":32,"loc":{"start":{"line":32,"column":12},"end":{"line":32,"column":29}}},"4":{"name":"(anonymous_4)","line":53,"loc":{"start":{"line":53,"column":28},"end":{"line":53,"column":47}}},"5":{"name":"(anonymous_5)","line":61,"loc":{"start":{"line":61,"column":30},"end":{"line":61,"column":56}}},"6":{"name":"(anonymous_6)","line":110,"loc":{"start":{"line":110,"column":7},"end":{"line":110,"column":30}}},"7":{"name":"(anonymous_7)","line":113,"loc":{"start":{"line":113,"column":14},"end":{"line":113,"column":31}}},"8":{"name":"(anonymous_8)","line":121,"loc":{"start":{"line":121,"column":17},"end":{"line":121,"column":29}}},"9":{"name":"(anonymous_9)","line":139,"loc":{"start":{"line":139,"column":10},"end":{"line":139,"column":28}}},"10":{"name":"(anonymous_10)","line":149,"loc":{"start":{"line":149,"column":11},"end":{"line":149,"column":24}}}},"statementMap":{"1":{"start":{"line":1,"column":0},"end":{"line":1,"column":34}},"2":{"start":{"line":2,"column":0},"end":{"line":2,"column":31}},"3":{"start":{"line":4,"column":0},"end":{"line":4,"column":47}},"4":{"start":{"line":5,"column":0},"end":{"line":5,"column":61}},"5":{"start":{"line":6,"column":0},"end":{"line":6,"column":47}},"6":{"start":{"line":7,"column":0},"end":{"line":7,"column":60}},"7":{"start":{"line":8,"column":0},"end":{"line":8,"column":55}},"8":{"start":{"line":10,"column":0},"end":{"line":158,"column":1}},"9":{"start":{"line":14,"column":4},"end":{"line":14,"column":84}},"10":{"start":{"line":15,"column":4},"end":{"line":16,"column":88}},"11":{"start":{"line":17,"column":4},"end":{"line":17,"column":71}},"12":{"start":{"line":23,"column":4},"end":{"line":23,"column":32}},"13":{"start":{"line":31,"column":4},"end":{"line":47,"column":8}},"14":{"start":{"line":33,"column":8},"end":{"line":42,"column":9}},"15":{"start":{"line":35,"column":10},"end":{"line":35,"column":38}},"16":{"start":{"line":36,"column":10},"end":{"line":36,"column":49}},"17":{"start":{"line":37,"column":10},"end":{"line":37,"column":34}},"18":{"start":{"line":39,"column":10},"end":{"line":39,"column":119}},"19":{"start":{"line":40,"column":10},"end":{"line":40,"column":39}},"20":{"start":{"line":41,"column":10},"end":{"line":41,"column":34}},"21":{"start":{"line":55,"column":4},"end":{"line":55,"column":84}},"22":{"start":{"line":56,"column":4},"end":{"line":57,"column":88}},"23":{"start":{"line":58,"column":4},"end":{"line":58,"column":71}},"24":{"start":{"line":62,"column":4},"end":{"line":62,"column":32}},"25":{"start":{"line":63,"column":4},"end":{"line":63,"column":32}},"26":{"start":{"line":65,"column":4},"end":{"line":65,"column":34}},"27":{"start":{"line":66,"column":4},"end":{"line":66,"column":40}},"28":{"start":{"line":67,"column":4},"end":{"line":67,"column":42}},"29":{"start":{"line":68,"column":4},"end":{"line":68,"column":38}},"30":{"start":{"line":72,"column":4},"end":{"line":72,"column":43}},"31":{"start":{"line":75,"column":4},"end":{"line":104,"column":5}},"32":{"start":{"line":76,"column":6},"end":{"line":78,"column":7}},"33":{"start":{"line":77,"column":8},"end":{"line":77,"column":36}},"34":{"start":{"line":79,"column":6},"end":{"line":81,"column":7}},"35":{"start":{"line":80,"column":8},"end":{"line":80,"column":52}},"36":{"start":{"line":85,"column":6},"end":{"line":87,"column":7}},"37":{"start":{"line":86,"column":8},"end":{"line":86,"column":61}},"38":{"start":{"line":88,"column":6},"end":{"line":90,"column":7}},"39":{"start":{"line":89,"column":8},"end":{"line":89,"column":61}},"40":{"start":{"line":91,"column":6},"end":{"line":93,"column":7}},"41":{"start":{"line":92,"column":8},"end":{"line":92,"column":40}},"42":{"start":{"line":94,"column":6},"end":{"line":96,"column":7}},"43":{"start":{"line":95,"column":8},"end":{"line":95,"column":38}},"44":{"start":{"line":97,"column":6},"end":{"line":97,"column":105}},"45":{"start":{"line":98,"column":6},"end":{"line":100,"column":7}},"46":{"start":{"line":99,"column":8},"end":{"line":99,"column":39}},"47":{"start":{"line":102,"column":6},"end":{"line":102,"column":35}},"48":{"start":{"line":103,"column":6},"end":{"line":103,"column":33}},"49":{"start":{"line":107,"column":4},"end":{"line":107,"column":116}},"50":{"start":{"line":108,"column":4},"end":{"line":108,"column":23}},"51":{"start":{"line":109,"column":4},"end":{"line":126,"column":5}},"52":{"start":{"line":110,"column":6},"end":{"line":125,"column":22}},"53":{"start":{"line":111,"column":8},"end":{"line":111,"column":79}},"54":{"start":{"line":112,"column":6},"end":{"line":124,"column":10}},"55":{"start":{"line":114,"column":12},"end":{"line":120,"column":13}},"56":{"start":{"line":117,"column":16},"end":{"line":117,"column":32}},"57":{"start":{"line":118,"column":16},"end":{"line":118,"column":42}},"58":{"start":{"line":119,"column":16},"end":{"line":119,"column":46}},"59":{"start":{"line":122,"column":10},"end":{"line":122,"column":39}},"60":{"start":{"line":123,"column":10},"end":{"line":123,"column":40}},"61":{"start":{"line":129,"column":4},"end":{"line":136,"column":7}},"62":{"start":{"line":137,"column":6},"end":{"line":137,"column":33}},"63":{"start":{"line":138,"column":4},"end":{"line":155,"column":6}},"64":{"start":{"line":141,"column":6},"end":{"line":144,"column":7}},"65":{"start":{"line":142,"column":8},"end":{"line":142,"column":121}},"66":{"start":{"line":143,"column":8},"end":{"line":143,"column":51}},"67":{"start":{"line":145,"column":6},"end":{"line":145,"column":70}},"68":{"start":{"line":147,"column":6},"end":{"line":147,"column":29}},"69":{"start":{"line":151,"column":6},"end":{"line":151,"column":32}},"70":{"start":{"line":152,"column":6},"end":{"line":152,"column":35}},"71":{"start":{"line":153,"column":6},"end":{"line":153,"column":38}},"72":{"start":{"line":154,"column":6},"end":{"line":154,"column":13}}},"branchMap":{"1":{"line":33,"type":"if","locations":[{"start":{"line":33,"column":8},"end":{"line":33,"column":8}},{"start":{"line":33,"column":8},"end":{"line":33,"column":8}}]},"2":{"line":76,"type":"if","locations":[{"start":{"line":76,"column":6},"end":{"line":76,"column":6}},{"start":{"line":76,"column":6},"end":{"line":76,"column":6}}]},"3":{"line":76,"type":"binary-expr","locations":[{"start":{"line":76,"column":10},"end":{"line":76,"column":24}},{"start":{"line":76,"column":28},"end":{"line":76,"column":37}}]},"4":{"line":79,"type":"if","locations":[{"start":{"line":79,"column":6},"end":{"line":79,"column":6}},{"start":{"line":79,"column":6},"end":{"line":79,"column":6}}]},"5":{"line":79,"type":"binary-expr","locations":[{"start":{"line":79,"column":10},"end":{"line":79,"column":26}},{"start":{"line":79,"column":31},"end":{"line":79,"column":47}},{"start":{"line":79,"column":49},"end":{"line":79,"column":65}},{"start":{"line":79,"column":67},"end":{"line":79,"column":82}}]},"6":{"line":85,"type":"if","locations":[{"start":{"line":85,"column":6},"end":{"line":85,"column":6}},{"start":{"line":85,"column":6},"end":{"line":85,"column":6}}]},"7":{"line":88,"type":"if","locations":[{"start":{"line":88,"column":6},"end":{"line":88,"column":6}},{"start":{"line":88,"column":6},"end":{"line":88,"column":6}}]},"8":{"line":91,"type":"if","locations":[{"start":{"line":91,"column":6},"end":{"line":91,"column":6}},{"start":{"line":91,"column":6},"end":{"line":91,"column":6}}]},"9":{"line":94,"type":"if
[...]
}},"93":{"start":{"line":186,"column":4},"end":{"line":186,"column":42}},"94":{"start":{"line":187,"column":4},"end":{"line":187,"column":38}},"95":{"start":{"line":190,"column":4},"end":{"line":190,"column":42}},"96":{"start":{"line":191,"column":4},"end":{"line":191,"column":26}},"97":{"start":{"line":193,"column":4},"end":{"line":230,"column":5}},"98":{"start":{"line":194,"column":6},"end":{"line":196,"column":7}},"99":{"start":{"line":195,"column":8},"end":{"line":195,"column":33}},"100":{"start":{"line":197,"column":6},"end":{"line":199,"column":7}},"101":{"start":{"line":198,"column":8},"end":{"line":198,"column":33}},"102":{"start":{"line":200,"column":6},"end":{"line":202,"column":7}},"103":{"start":{"line":201,"column":8},"end":{"line":201,"column":32}},"104":{"start":{"line":203,"column":6},"end":{"line":205,"column":7}},"105":{"start":{"line":204,"column":8},"end":{"line":204,"column":52}},"106":{"start":{"line":206,"column":6},"end":{"line":208,"column":7}},"107":{"start":{"line":207,"column":8},"end":{"line":207,"column":61}},"108":{"start":{"line":209,"column":6},"end":{"line":211,"column":7}},"109":{"start":{"line":210,"column":8},"end":{"line":210,"column":61}},"110":{"start":{"line":212,"column":6},"end":{"line":214,"column":7}},"111":{"start":{"line":213,"column":8},"end":{"line":213,"column":40}},"112":{"start":{"line":215,"column":6},"end":{"line":217,"column":7}},"113":{"start":{"line":216,"column":8},"end":{"line":216,"column":38}},"114":{"start":{"line":218,"column":6},"end":{"line":218,"column":105}},"115":{"start":{"line":219,"column":6},"end":{"line":221,"column":7}},"116":{"start":{"line":220,"column":8},"end":{"line":220,"column":39}},"117":{"start":{"line":223,"column":6},"end":{"line":223,"column":35}},"118":{"start":{"line":225,"column":6},"end":{"line":227,"column":62}},"119":{"start":{"line":228,"column":6},"end":{"line":228,"column":30}},"120":{"start":{"line":229,"column":6},"end":{"line":229,"column":13}},"121":{"start":{"line":232,"column":4},"end":{"line":418,"column":6}},"122":{"start":{"line":234,"column":6},"end":{"line":244,"column":7}},"123":{"start":{"line":235,"column":8},"end":{"line":237,"column":9}},"124":{"start":{"line":236,"column":10},"end":{"line":236,"column":36}},"125":{"start":{"line":239,"column":8},"end":{"line":239,"column":37}},"126":{"start":{"line":240,"column":8},"end":{"line":242,"column":64}},"127":{"start":{"line":243,"column":8},"end":{"line":243,"column":32}},"128":{"start":{"line":252,"column":8},"end":{"line":252,"column":42}},"129":{"start":{"line":256,"column":8},"end":{"line":256,"column":120}},"130":{"start":{"line":257,"column":8},"end":{"line":257,"column":24}},"131":{"start":{"line":258,"column":8},"end":{"line":268,"column":9}},"132":{"start":{"line":271,"column":8},"end":{"line":416,"column":10}},"133":{"start":{"line":272,"column":10},"end":{"line":310,"column":11}},"134":{"start":{"line":273,"column":12},"end":{"line":309,"column":28}},"135":{"start":{"line":274,"column":16},"end":{"line":274,"column":87}},"136":{"start":{"line":275,"column":14},"end":{"line":308,"column":18}},"137":{"start":{"line":277,"column":20},"end":{"line":301,"column":21}},"138":{"start":{"line":278,"column":24},"end":{"line":284,"column":25}},"139":{"start":{"line":280,"column":26},"end":{"line":280,"column":66}},"140":{"start":{"line":281,"column":31},"end":{"line":284,"column":25}},"141":{"start":{"line":282,"column":28},"end":{"line":282,"column":57}},"142":{"start":{"line":283,"column":28},"end":{"line":283,"column":58}},"143":{"start":{"line":285,"column":27},"end":{"line":301,"column":21}},"144":{"start":{"line":286,"column":24},"end":{"line":292,"column":25}},"145":{"start":{"line":288,"column":26},"end":{"line":288,"column":62}},"146":{"start":{"line":289,"column":31},"end":{"line":292,"column":25}},"147":{"start":{"line":290,"column":28},"end":{"line":290,"column":54}},"148":{"start":{"line":291,"column":28},"end":{"line":291,"column":58}},"149":{"start":{"line":293,"column":27},"end":{"line":301,"column":21}},"150":{"start":{"line":294,"column":24},"end":{"line":300,"column":25}},"151":{"start":{"line":296,"column":28},"end":{"line":296,"column":68}},"152":{"start":{"line":297,"column":31},"end":{"line":300,"column":25}},"153":{"start":{"line":298,"column":28},"end":{"line":298,"column":55}},"154":{"start":{"line":299,"column":28},"end":{"line":299,"column":58}},"155":{"start":{"line":303,"column":18},"end":{"line":303,"column":47}},"156":{"start":{"line":304,"column":18},"end":{"line":306,"column":74}},"157":{"start":{"line":307,"column":18},"end":{"line":307,"column":42}},"158":{"start":{"line":313,"column":12},"end":{"line":313,"column":36}},"159":{"start":{"line":314,"column":12},"end":{"line":320,"column":13}},"160":{"start":{"line":315,"column":14},"end":{"line":315,"column":35}},"161":{"start":{"line":316,"column":19},"end":{"line":320,"column":13}},"162":{"start":{"line":317,"column":14},"end":{"line":317,"column":35}},"163":{"start":{"line":319,"column":14},"end":{"line":319,"column":35}},"164":{"start":{"line":323,"column":12},"end":{"line":362,"column":13}},"165":{"start":{"line":324,"column":14},"end":{"line":324,"column":56}},"166":{"start":{"line":326,"column":14},"end":{"line":331,"column":15}},"167":{"start":{"line":334,"column":14},"end":{"line":339,"column":16}},"168":{"start":{"line":336,"column":16},"end":{"line":336,"column":61}},"169":{"start":{"line":342,"column":14},"end":{"line":342,"column":49}},"170":{"start":{"line":343,"column":14},"end":{"line":360,"column":18}},"171":{"start":{"line":346,"column":18},"end":{"line":346,"column":63}},"172":{"start":{"line":347,"column":18},"end":{"line":350,"column":19}},"173":{"start":{"line":353,"column":18},"end":{"line":358,"column":22}},"174":{"start":{"line":355,"column":22},"end":{"line":355,"column":72}},"175":{"start":{"line":365,"column":16},"end":{"line":414,"column":16}},"176":{"start":{"line":368,"column":18},"end":{"line":413,"column":20}},"177":{"start":{"line":370,"column":22},"end":{"line":370,"column":137}},"178":{"start":{"line":372,"column":22},"end":{"line":380,"column":23}},"179":{"start":{"line":373,"column":24},"end":{"line":373,"column":147}},"180":{"start":{"line":374,"column":24},"end":{"line":374,"column":70}},"181":{"start":{"line":376,"column":26},"end":{"line":378,"column":131}},"182":{"start":{"line":379,"column":26},"end":{"line":379,"column":50}},"183":{"start":{"line":381,"column":22},"end":{"line":403,"column":23}},"184":{"start":{"line":383,"column":26},"end":{"line":402,"column":28}},"185":{"start":{"line":384,"column":28},"end":{"line":392,"column":29}},"186":{"start":{"line":386,"column":30},"end":{"line":386,"column":71}},"187":{"start":{"line":389,"column":30},"end":{"line":389,"column":60}},"188":{"start":{"line":390,"column":30},"end":{"line":390,"column":53}},"189":{"start":{"line":391,"column":30},"end":{"line":391,"column":60}},"190":{"start":{"line":395,"column":28},"end":{"line":395,"column":54}},"191":{"start":{"line":398,"column":28},"end":{"line":400,"column":133}},"192":{"start":{"line":401,"column":28},"end":{"line":401,"column":52}},"193":{"start":{"line":408,"column":20},"end":{"line":411,"column":21}},"194":{"start":{"line":409,"column":22},"end":{"line":409,"column":51}},"195":{"start":{"line":410,"column":22},"end":{"line":410,"column":53}},"196":{"start":{"line":412,"column":20},"end":{"line":412,"column":27}}},"branchMap":{"1":{"line":25,"type":"if","locations":[{"start":{"line":25,"column":4},"end":{"line":25,"column":4}},{"start":{"line":25,"column":4},"end":{"line":25,"column":4}}]},"2":{"line":28,"type":"if","locations":[{"start":{"line":28,"column":8},"end":{"line":28,"column":8}},{"start":{"line":28,"column":8},"end":{"line":28,"column":8}}]},"3":{"line":29,"type":"if","locations":[{"start":{"line":29,"column":13},"end":{"line":29,"column":13}},{"start":{"line":29,"column":13},"end":{"line":29,"column":13}}]},"4":{"line":56,"type":"if","locations":[{"start":{"line":56,"column":6},"end":{"line":56,"column":6}},{"start":{"line":56,"column":6},"end":{"line":56,"column":6}}]},"5":{"line":66,"type":"if","locations":[{"start":{"line":66,"column":6},"end":{"line":66,"column":6}},{"start":{"line":66,"column":6},"end":{"line":66,"column":6}}]},"6":{"line":66,"type":"binary-expr","locations":[{"start":{"line":66,"column":10},"end":{"line":66,"column":22}},{"start":{"line":66,"column":26},"end":{"line":66,"column":43}}]},"7":{"line":85,"type":"if","locations":[{"start":{"line":85,"column":8},"end":{"line":85,"column":8}},{"start":{"line":85,"column":8},"end":{"line":85,"column":8}}]},"8":{"line":96,"type":"if","locations":[{"start":{"line":96,"column":10},"end":{"line":96,"column":10}},{"start":{"line":96,"column":10},"end":{"line":96,"column":10}}]},"9":{"line":96,"type":"binary-expr","locations":[{"start":{"line":96,"column":14},"end":{"line":96,"column":23}},{"start":{"line":96,"column":27},"end":{"line":96,"column":47}}]},"10":{"line":104,"type":"if","locations":[{"start":{"line":104,"column":15},"end":{"line":104,"column":15}},{"start":{"line":104,"column":15},"end":{"line":104,"column":15}}]},"11":{"line":131,"type":"if","locations":[{"start":{"line":131,"column":6},"end":{"line":131,"column":6}},{"start":{"line":131,"column":6},"end":{"line":131,"column":6}}]},"12":{"line":141,"type":"if","locations":[{"start":{"line":141,"column":8},"end":{"line":141,"column":8}},{"start":{"line":141,"column":8},"end":{"line":141,"column":8}}]},"13":{"line":194,"type":"if","locations":[{"start":{"line":194,"column":6},"end":{"line":194,"column":6}},{"start":{"line":194,"column":6},"end":{"line":194,"column":6}}]},"14":{"line":194,"type":"binary-expr","locations":[{"start":{"line":194,"column":10},"end":{"line":194,"column":33}},{"start":{"line":194,"column":37},"end":{"line":194,"column":62}}]},"15":{"line":197,"type":"if","locations":[{"start":{"line":197,"column":6},"end":{"line":197,"column":6}},{"start":{"line":197,"column":6},"end":{"line":197,"column":6}}]},"16":{"line":200,"type":"if","locations":[{"start":{"line":200,"column":6},"end":{"line":200,"column":6}},{"start":{"line":200,"column":6},"end":{"line":200,"column":6}}]},"17":{"line":200,"type":"binary-expr","locations":[{"start":{"line":200,"column":10},"end":{"line":200,"column":28}},{"start":{"line":200,"column":32},"end":{"line":200,"column":52}}]},"18":{"line":203,"type":"if","locations":[{"start":{"line":203,"column":6},"end":{"line":203,"column":6}},{"start":{"line":203,"column":6},"end":{"line":203,"column":6}}]},"19":{"line":203,"type":"binary-expr","locations":[{"start":{"line":203,"column":10},"end":{"line":203,"column":26}},{"start":{"line":203,"column":28},"end":{"line":203,"column":44}},{"start":{"line":203,"column":46},"end":{"line":203,"column":61}}]},"20":{"line":206,"type":"if","locations":[{"start":{"line":206,"column":6},"end":{"line":206,"column":6}},{"start":{"line":206,"column":6},"end":{"line":206,"column":6}}]},"21":{"line":209,"type":"if","locations":[{"start":{"line":209,"column":6},"end":{"line":209,"column":6}},{"start":{"line":209,"column":6},"end":{"line":209,"column":6}}]},"22":{"line":212,"type":"if","locations":[{"start":{"line":212,"column":6},"end":{"line":212,"column":6}},{"start":{"line":212,"column":6},"end":{"line":212,"column":6}}]},"23":{"line":215,"type":"if","locations":[{"start":{"line":215,"column":6},"end":{"line":215,"column":6}},{"start":{"line":215,"column":6},"end":{"line":215,"column":6}}]},"24":{"line":219,"type":"if","locations":[{"start":{"line":219,"column":6},"end":{"line":219,"column":6}},{"start":{"line":219,"column":6},"end":{"line":219,"column":6}}]},"25":{"line":235,"type":"if","locations":[{"start":{"line":235,"column":8},"end":{"line":235,"column":8}},{"start":{"line":235,"column":8},"end":{"line":235,"column":8}}]},"26":{"line":235,"type":"binary-expr","locations":[{"start":{"line":235,"column":12},"end":{"line":235,"column":18}},{"start":{"line":235,"column":20},"end":{"line":235,"column":35}}]},"27":{"line":277,"type":"if","locations":[{"start":{"line":277,"column":20},"end":{"line":277,"column":20}},{"start":{"line":277,"column":20},"end":{"line":277,"column":20}}]},"28":{"line":278,"type":"if","locations":[{"start":{"line":278,"column":24},"end":{"line":278,"column":24}},{"start":{"line":278,"column":24},"end":{"line":278,"column":24}}]},"29":{"line":281,"type":"if","locations":[{"start":{"line":281,"column":31},"end":{"line":281,"column":31}},{"start":{"line":281,"column":31},"end":{"line":281,"column":31}}]},"30":{"line":281,"type":"binary-expr","locations":[{"start":{"line":281,"column":35},"end":{"line":281,"column":57}},{"start":{"line":281,"column":61},"end":{"line":281,"column":68}}]},"31":{"line":285,"type":"if","locations":[{"start":{"line":285,"column":27},"end":{"line":285,"column":27}},{"start":{"line":285,"column":27},"end":{"line":285,"column":27}}]},"32":{"line":286,"type":"if","locations":[{"start":{"line":286,"column":24},"end":{"line":286,"column":24}},{"start":{"line":286,"column":24},"end":{"line":286,"column":24}}]},"33":{"line":289,"type":"if","locations":[{"start":{"line":289,"column":31},"end":{"line":289,"column":31}},{"start":{"line":289,"column":31},"end":{"line":289,"column":31}}]},"34":{"line":289,"type":"binary-expr","locations":[{"start":{"line":289,"column":35},"end":{"line":289,"column":54}},{"start":{"line":289,"column":58},"end":{"line":289,"column":65}}]},"35":{"line":293,"type":"if","locations":[{"start":{"line":293,"column":27},"end":{"line":293,"column":27}},{"start":{"line":293,"column":27},"end":{"line":293,"column":27}}]},"36":{"line":294,"type":"if","locations":[{"start":{"line":294,"column":24},"end":{"line":294,"column":24}},{"start":{"line":294,"column":24},"end":{"line":294,"column":24}}]},"37":{"line":297,"type":"if","locations":[{"start":{"line":297,"column":31},"end":{"line":297,"column":31}},{"start":{"line":297,"column":31},"end":{"line":297,"column":31}}]},"38":{"line":297,"type":"binary-expr","locations":[{"start":{"line":297,"column":35},"end":{"line":297,"column":57}},{"start":{"line":297,"column":61},"end":{"line":297,"column":68}}]},"39":{"line":314,"type":"if","locations":[{"start":{"line":314,"column":12},"end":{"line":314,"column":12}},{"start":{"line":314,"column":12},"end":{"line":314,"column":12}}]},"40":{"line":316,"type":"if","locations":[{"start":{"line":316,"column":19},"end":{"line":316,"column":19}},{"start":{"line":316,"column":19},"end":{"line":316,"column":19}}]},"41":{"line":323,"type":"if","locations":[{"start":{"line":323,"column":12},"end":{"line":323,"column":12}},{"start":{"line":323,"column":12},"end":{"line":323,"column":12}}]},"42":{"line":372,"type":"if","locations":[{"start":{"line":372,"column":22},"end":{"line":372,"column":22}},{"start":{"line":372,"column":22},"end":{"line":372,"column":22}}]},"43":{"line":381,"type":"if","locations":[{"start":{"line":381,"column":22},"end":{"line":381,"column":22}},{"start":{"line":381,"column":22},"end":{"line":381,"column":22}}]},"44":{"line":384,"type":"if","locations":[{"start":{"line":384,"column":28},"end":{"line":384,"column":28}},{"start":{"line":384,"column":28},"end":{"line":384,"column":28}}]},"45":{"line":408,"type":"if","locations":[{"start":{"line":408,"column":20},"end":{"line":408,"column":20}},{"start":{"line":408,"column":20},"end":{"line":408,"column":20}}]}}},"G:\\GoWorks\\src\\HotelM\\routes\\finance.js":{"path":"G:\\GoWorks\\src\\HotelM\\routes\\finance.js","s":{"1":1,"2":1,"3":1,"4":1,"5":1,"6":1,"7":1,"8":0,"9":0,"10":0,"11":0,"12":0,"13":0,"14":0,"15":0,"16":0,"17":0,"18":0,"19":0,"20":0,"21":0,"22":0,"23":0,"24":0,"25":0,"26":0,"27":0,"28":0,"29":0,"30":0,"31":0},"b":{"1":[0,0],"2":[0,0],"3":[0,0],"4":[0,0],"5":[0,0],"6":[0,0],"7":[0,0],"8":[0,0],"9":[0,0],"10":[0,0]},"f":{"1":0,"2":0,"3":0},"fnMap":{"1":{"name":"(anonymous_1)","line":19,"loc":{"start":{"line":19,"column":14},"end":{"line":19,"column":33}}},"2":{"name":"(anonymous_2)","line":32,"loc":{"start":{"line":32,"column":16},"end":{"line":32,"column":41}}},"3":{"name":"(anonymous_3)","line":61,"loc":{"start":{"line":61,"column":9},"end":{"line":61,"column":29}}}},"statementMap":{"1":{"start":{"line":1,"column":0},"end":{"line":1,"column":34}},"2":{"start":{"line":2,"column":0},"end":{"line":2,"column":31}},"3":{"start":{"line":4,"column":0},"end":{"line":4,"column":47}},"4":{"start":{"line":5,"column":0},"end":{"line":5,"column":44}},"5":{"start":{"line":6,"column":0},"end":{"line":6,"column":53}},"6":{"start":{"line":7,"column":0},"end":{"line":7,"column":61}},"7":{"start":{"line":16,"column":0},"end":{"line":74,"column":1}},"8":{"start":{"line":27,"column":2},"end":{"line":27,"column":18}},"9":{"start":{"line":28,"column":2},"end":{"line":28,"column":36}},"10":{"start":{"line":33,"column":2},"end":{"line":33,"column":48}},"11":{"start":{"line":34,"column":2},"end":{"line":34,"column":44}},"12":{"start":{"line":35,"column":2},"end":{"line":35,"column":24}},"13":{"start":{"line":38,"column":2},"end":{"line":58,"column":3}},"14":{"start":{"line":39,"column":3},"end":{"line":41,"column":4}},"15":{"start":{"line":40,"column":4},"end":{"line":40,"column":30}},"16":{"start":{"line":42,"column":3},"end":{"line":44,"column":4}},"17":{"start":{"line":43,"column":4},"end":{"line":43,"column":45}},"18":{"start":{"line":45,"column":3},"end":{"line":47,"column":4}},"19":{"start":{"line":46,"column":4},"end":{"line":46,"column":30}},"20":{"start":{"line":48,"column":3},"end":{"line":50,"column":4}},"21":{"start":{"line":49,"column":4},"end":{"line":49,"column":45}},"22":{"start":{"line":51,"column":3},"end":{"line":53,"column":4}},"23":{"start":{"line":52,"column":4},"end":{"line":52,"column":29}},"24":{"start":{"line":55,"column":3},"end":{"line":55,"column":32}},"25":{"start":{"line":56,"column":3},"end":{"line":56,"column":34}},"26":{"start":{"line":60,"column":2},"end":{"line":71,"column":5}},"27":{"start":{"line":62,"column":4},"end":{"line":65,"column":5}},"28":{"start":{"line":63,"column":5},"end":{"line":63,"column":32}},"29":{"start":{"line":64,"column":5},"end":{"line":64,"column":35}},"30":{"start":{"line":68,"column":4},"end":{"line":68,"column":15}},"31":{"start":{"line":70,"column":4},"end":{"line":70,"column":63}}},"branchMap":{"1":{"line":39,"type":"if","locations":[{"start":{"line":39,"column":3},"end":{"line":39,"column":3}},{"start":{"line":39,"column":3},"end":{"line":39,"column":3}}]},"2":{"line":39,"type":"binary-expr","locations":[{"start":{"line":39,"column":7},"end":{"line":39,"column":17}},{"start":{"line":39,"column":21},"end":{"line":39,"column":37}}]},"3":{"line":42,"type":"if","locations":[{"start":{"line":42,"column":3},"end":{"line":42,"column":3}},{"start":{"line":42,"column":3},"end":{"line":42,"column":3}}]},"4":{"line":42,"type":"binary-expr","locations":[{"start":{"line":42,"column":7},"end":{"line":42,"column":27}},{"start":{"line":42,"column":31},"end":{"line":42,"column":51}}]},"5":{"line":45,"type":"if","locations":[{"start":{"line":45,"column":3},"end":{"line":45,"column":3}},{"start":{"line":45,"column":3},"end":{"line":45,"column":3}}]},"6":{"line":45,"type":"binary-expr","locations":[{"start":{"line":45,"column":7},"end":{"line":45,"column":15}},{"start":{"line":45,"column":19},"end":{"line":45,"column":33}}]},"7":{"line":48,"type":"if","locations":[{"start":{"line":48,"column":3},"end":{"line":48,"column":3}},{"start":{"line":48,"column":3},"end":{"line":48,"column":3}}]},"8":{"line":48,"type":"binary-expr","locations":[{"start":{"line":48,"column":7},"end":{"line":48,"column":25}},{"start":{"line":48,"column":29},"end":{"line":48,"column":47}}]},"9":{"line":51,"type":"if","locations":[{"start":{"line":51,"column":3},"end":{"line":51,"column":3}},{"start":{"line":51,"column":3},"end":{"line":51,"column":3}}]},"10":{"line":62,"type":"if","locations":[{"start":{"line":62,"column":4},"end":{"line":62,"column":4}},{"start":{"line":62,"column":4},"end":{"line":62,"column":4}}]}}}}