TN:
SF:G:\GoWorks\src\HotelM\index.js
FN:50,(anonymous_1)
FN:90,(anonymous_2)
FNF:2
FNH:1
FNDA:18,(anonymous_1)
FNDA:0,(anonymous_2)
DA:1,1
DA:2,1
DA:3,1
DA:4,1
DA:5,1
DA:6,1
DA:7,1
DA:8,1
DA:9,1
DA:10,1
DA:12,1
DA:15,1
DA:17,1
DA:20,1
DA:22,1
DA:35,1
DA:38,1
DA:44,1
DA:50,1
DA:51,18
DA:52,18
DA:53,18
DA:54,18
DA:58,1
DA:70,1
DA:72,1
DA:85,1
DA:87,1
DA:90,0
DA:91,0
LF:30
LH:28
BRDA:85,1,0,1
BRDA:85,1,1,0
BRF:2
BRH:1
end_of_record
TN:
SF:G:\GoWorks\src\HotelM\config\default.js
FNF:0
FNH:0
DA:1,1
DA:3,1
LF:2
LH:2
BRF:0
BRH:0
end_of_record
TN:
SF:G:\GoWorks\src\HotelM\routes\index.js
FN:19,(anonymous_1)
FN:20,(anonymous_2)
FN:23,(anonymous_3)
FN:26,(anonymous_4)
FN:29,(anonymous_5)
FN:32,(anonymous_6)
FN:37,(anonymous_7)
FN:40,(anonymous_8)
FN:45,(anonymous_9)
FN:48,(anonymous_10)
FN:51,(anonymous_11)
FN:54,(anonymous_12)
FN:57,(anonymous_13)
FN:60,(anonymous_14)
FN:63,(anonymous_15)
FN:66,(anonymous_16)
FN:69,(anonymous_17)
FN:74,(anonymous_18)
FN:77,(anonymous_19)
FN:82,(anonymous_20)
FN:85,(anonymous_21)
FN:90,(anonymous_22)
FN:93,(anonymous_23)
FN:96,(anonymous_24)
FN:99,(anonymous_25)
FN:102,(anonymous_26)
FN:105,(anonymous_27)
FN:110,(anonymous_28)
FN:113,(anonymous_29)
FN:116,(anonymous_30)
FN:119,(anonymous_31)
FN:123,(anonymous_32)
FN:126,(anonymous_33)
FN:129,(anonymous_34)
FN:132,(anonymous_35)
FN:137,(anonymous_36)
FN:140,(anonymous_37)
FN:145,(anonymous_38)
FNF:38
FNH:5
FNDA:1,(anonymous_1)
FNDA:0,(anonymous_2)
FNDA:0,(anonymous_3)
FNDA:0,(anonymous_4)
FNDA:5,(anonymous_5)
FNDA:6,(anonymous_6)
FNDA:3,(anonymous_7)
FNDA:0,(anonymous_8)
FNDA:0,(anonymous_9)
FNDA:0,(anonymous_10)
FNDA:0,(anonymous_11)
FNDA:0,(anonymous_12)
FNDA:0,(anonymous_13)
FNDA:0,(anonymous_14)
FNDA:0,(anonymous_15)
FNDA:0,(anonymous_16)
FNDA:0,(anonymous_17)
FNDA:0,(anonymous_18)
FNDA:0,(anonymous_19)
FNDA:0,(anonymous_20)
FNDA:0,(anonymous_21)
FNDA:0,(anonymous_22)
FNDA:0,(anonymous_23)
FNDA:0,(anonymous_24)
FNDA:0,(anonymous_25)
FNDA:0,(anonymous_26)
FNDA:0,(anonymous_27)
FNDA:0,(anonymous_28)
FNDA:0,(anonymous_29)
FNDA:0,(anonymous_30)
FNDA:0,(anonymous_31)
FNDA:0,(anonymous_32)
FNDA:0,(anonymous_33)
FNDA:0,(anonymous_34)
FNDA:0,(anonymous_35)
FNDA:0,(anonymous_36)
FNDA:0,(anonymous_37)
FNDA:17,(anonymous_38)
DA:2,1
DA:3,1
DA:4,1
DA:5,1
DA:6,1
DA:7,1
DA:8,1
DA:9,1
DA:10,1
DA:11,1
DA:12,1
DA:13,1
DA:14,1
DA:15,1
DA:16,1
DA:19,1
DA:20,1
DA:21,0
DA:23,1
DA:24,0
DA:26,1
DA:27,0
DA:29,1
DA:30,5
DA:32,1
DA:33,6
DA:37,1
DA:38,3
DA:40,1
DA:41,0
DA:45,1
DA:46,0
DA:48,1
DA:49,0
DA:51,1
DA:52,0
DA:54,1
DA:55,0
DA:57,1
DA:58,0
DA:60,1
DA:61,0
DA:63,1
DA:64,0
DA:66,1
DA:67,0
DA:69,1
DA:70,0
DA:74,1
DA:75,0
DA:77,1
DA:78,0
DA:82,1
DA:83,0
DA:85,1
DA:86,0
DA:90,1
DA:91,0
DA:93,1
DA:94,0
DA:96,1
DA:97,0
DA:99,1
DA:100,0
DA:102,1
DA:103,0
DA:105,1
DA:106,0
DA:110,1
DA:111,0
DA:113,1
DA:114,0
DA:116,1
DA:117,0
DA:119,1
DA:120,0
DA:123,1
DA:124,0
DA:126,1
DA:127,0
DA:129,1
DA:130,0
DA:132,1
DA:133,0
DA:137,1
DA:138,0
DA:140,1
DA:141,0
DA:145,1
DA:146,17
DA:147,2
LF:91
LH:58
BRDA:146,1,0,2
BRDA:146,1,1,15
BRF:2
BRH:2
end_of_record
TN:
SF:G:\GoWorks\src\HotelM\routes\signin.js
FN:10,(anonymous_1)
FN:15,(anonymous_2)
FN:32,(anonymous_3)
FNF:3
FNH:0
FNDA:0,(anonymous_1)
FNDA:0,(anonymous_2)
FNDA:0,(anonymous_3)
DA:1,1
DA:2,1
DA:3,1
DA:5,1
DA:6,1
DA:8,1
DA:11,0
DA:16,0
DA:17,0
DA:19,0
DA:20,0
DA:21,0
DA:23,0
DA:24,0
DA:27,0
DA:28,0
DA:31,0
DA:33,0
DA:34,0
DA:35,0
DA:38,0
DA:39,0
DA:40,0
DA:42,0
DA:44,0
DA:45,0
DA:47,0
LF:27
LH:6
BRDA:20,1,0,0
BRDA:20,1,1,0
BRDA:23,2,0,0
BRDA:23,2,1,0
BRDA:33,3,0,0
BRDA:33,3,1,0
BRDA:38,4,0,0
BRDA:38,4,1,0
BRF:8
BRH:0
end_of_record
TN:
SF:G:\GoWorks\src\HotelM\models\users.js
FN:5,create
FN:10,getUserByName
FNF:2
FNH:1
FNDA:2,create
FNDA:0,getUserByName
DA:1,1
DA:3,1
DA:6,2
DA:11,0
LF:4
LH:3
BRF:0
BRH:0
end_of_record
TN:
SF:G:\GoWorks\src\HotelM\lib\mongo.js
FN:10,(anonymous_1)
FN:11,(anonymous_2)
FN:16,(anonymous_3)
FNF:3
FNH:0
FNDA:0,(anonymous_1)
FNDA:0,(anonymous_2)
FNDA:0,(anonymous_3)
DA:1,1
DA:2,1
DA:3,1
DA:4,1
DA:5,1
DA:6,1
DA:9,1
DA:11,0
DA:12,0
DA:14,0
DA:17,0
DA:18,0
DA:20,0
DA:24,1
DA:29,1
DA:31,1
DA:36,1
DA:38,1
DA:44,1
DA:46,1
DA:55,1
DA:57,1
DA:69,1
DA:72,1
DA:83,1
LF:25
LH:19
BRDA:17,1,0,0
BRDA:17,1,1,0
BRF:2
BRH:0
end_of_record
TN:
SF:G:\GoWorks\src\HotelM\middlewares\check.js
FN:2,checkLogin
FN:10,checkNotLogin
FNF:2
FNH:2
FNDA:3,checkLogin
FNDA:4,checkNotLogin
DA:1,1
DA:3,3
DA:4,0
DA:5,0
DA:7,3
DA:11,4
DA:12,4
DA:13,4
DA:15,0
LF:9
LH:6
BRDA:3,1,0,0
BRDA:3,1,1,3
BRDA:11,2,0,4
BRDA:11,2,1,0
BRF:4
BRH:2
end_of_record
TN:
SF:G:\GoWorks\src\HotelM\routes\manage.js
FN:10,managePage
FN:12,(anonymous_2)
FN:19,(anonymous_3)
FN:33,clear
FNF:4
FNH:3
FNDA:3,managePage
FNDA:3,(anonymous_2)
FNDA:90,(anonymous_3)
FNDA:0,clear
DA:1,1
DA:2,1
DA:3,1
DA:4,1
DA:5,1
DA:6,1
DA:7,1
DA:9,1
DA:11,3
DA:13,3
DA:14,3
DA:15,0
DA:17,3
DA:18,3
DA:19,90
DA:20,90
DA:21,90
DA:22,90
DA:23,90
DA:26,3
DA:34,0
DA:35,0
DA:36,0
DA:37,0
DA:38,0
DA:39,0
LF:26
LH:19
BRDA:14,1,0,0
BRDA:14,1,1,3
BRDA:18,2,0,93
BRDA:18,2,1,90
BRF:4
BRH:3
end_of_record
TN:
SF:G:\GoWorks\src\HotelM\models\rooms.js
FN:6,getRoomByNumber
FN:11,getRoomByType
FN:16,getAllRoomInfo
FN:21,create
FN:26,delRoomById
FN:36,getSingleRoomNumber
FN:41,getDoubleRoomNumber
FN:46,getBigRoomNumber
FN:52,getRoomIdByType
FN:57,setStatusByRoomNumer
FN:62,deleteAll
FNF:11
FNH:0
FNDA:0,getRoomByNumber
FNDA:0,getRoomByType
FNDA:0,getAllRoomInfo
FNDA:0,create
FNDA:0,delRoomById
FNDA:0,getSingleRoomNumber
FNDA:0,getDoubleRoomNumber
FNDA:0,getBigRoomNumber
FNDA:0,getRoomIdByType
FNDA:0,setStatusByRoomNumer
FNDA:0,deleteAll
DA:1,1
DA:3,1
DA:7,0
DA:12,0
DA:17,0
DA:22,0
DA:27,0
DA:37,0
DA:42,0
DA:47,0
DA:53,0
DA:58,0
DA:63,0
LF:13
LH:2
BRF:0
BRH:0
end_of_record
TN:
SF:G:\GoWorks\src\HotelM\models\emptyRoomNumber.js
FN:7,getEmptyRoomNumberByDays
FN:11,initializeEmptyRoomNumber
FN:12,(anonymous_3)
FN:15,(anonymous_4)
FN:17,(anonymous_5)
FN:24,(anonymous_6)
FN:30,getAllEmptyRoomNumber
FN:32,(anonymous_8)
FN:38,create
FN:39,(anonymous_10)
FN:41,(anonymous_11)
FN:43,(anonymous_12)
FN:52,update
FN:65,reduceNumberByDateAndType
FN:66,(anonymous_15)
FN:78,addNumberByDateAndType
FN:79,(anonymous_17)
FN:92,addNumberBetweenDaysByType
FN:95,(anonymous_19)
FN:104,reduceNumberBetweenDaysByType
FN:107,(anonymous_21)
FN:115,addNumberByType
FN:118,(anonymous_23)
FN:126,reduceNumberByType
FN:129,(anonymous_25)
FN:136,hasEmptyRoomBetweenDaysByType
FN:154,updatePriceBetweenDaysByType
FN:158,(anonymous_28)
FN:166,updatePriceByDateAndType
FN:167,(anonymous_30)
FN:178,deleteAll
FNF:31
FNH:7
FNDA:0,getEmptyRoomNumberByDays
FNDA:3,initializeEmptyRoomNumber
FNDA:3,(anonymous_3)
FNDA:90,(anonymous_4)
FNDA:90,(anonymous_5)
FNDA:3,(anonymous_6)
FNDA:3,getAllEmptyRoomNumber
FNDA:3,(anonymous_8)
FNDA:0,create
FNDA:0,(anonymous_10)
FNDA:0,(anonymous_11)
FNDA:0,(anonymous_12)
FNDA:0,update
FNDA:0,reduceNumberByDateAndType
FNDA:0,(anonymous_15)
FNDA:0,addNumberByDateAndType
FNDA:0,(anonymous_17)
FNDA:0,addNumberBetweenDaysByType
FNDA:0,(anonymous_19)
FNDA:0,reduceNumberBetweenDaysByType
FNDA:0,(anonymous_21)
FNDA:0,addNumberByType
FNDA:0,(anonymous_23)
FNDA:0,reduceNumberByType
FNDA:0,(anonymous_25)
FNDA:0,hasEmptyRoomBetweenDaysByType
FNDA:0,updatePriceBetweenDaysByType
FNDA:0,(anonymous_28)
FNDA:0,updatePriceByDateAndType
FNDA:0,(anonymous_30)
FNDA:0,deleteAll
DA:1,1
DA:2,1
DA:3,1
DA:5,1
DA:8,0
DA:12,3
DA:13,3
DA:14,3
DA:15,90
DA:16,90
DA:17,90
DA:18,90
DA:19,0
DA:25,3
DA:31,3
DA:33,3
DA:39,0
DA:40,0
DA:41,0
DA:42,0
DA:43,0
DA:44,0
DA:45,0
DA:54,0
DA:55,0
DA:56,0
DA:57,0
DA:58,0
DA:59,0
DA:60,0
DA:61,0
DA:66,0
DA:67,0
DA:68,0
DA:69,0
DA:70,0
DA:71,0
DA:72,0
DA:79,0
DA:80,0
DA:81,0
DA:82,0
DA:83,0
DA:84,0
DA:85,0
DA:93,0
DA:94,0
DA:95,0
DA:96,0
DA:97,0
DA:105,0
DA:106,0
DA:107,0
DA:108,0
DA:109,0
DA:116,0
DA:117,0
DA:118,0
DA:119,0
DA:120,0
DA:127,0
DA:128,0
DA:129,0
DA:130,0
DA:131,0
DA:155,0
DA:156,0
DA:157,0
DA:158,0
DA:159,0
DA:160,0
DA:167,0
DA:168,0
DA:169,0
DA:170,0
DA:171,0
DA:172,0
DA:173,0
DA:179,0
LF:79
LH:14
BRDA:18,1,0,0
BRDA:18,1,1,90
BRDA:67,2,0,0
BRDA:67,2,1,0
BRDA:67,3,0,0
BRDA:67,3,1,0
BRDA:69,4,0,0
BRDA:69,4,1,0
BRDA:69,5,0,0
BRDA:69,5,1,0
BRDA:71,6,0,0
BRDA:71,6,1,0
BRDA:71,7,0,0
BRDA:71,7,1,0
BRDA:80,8,0,0
BRDA:80,8,1,0
BRDA:82,9,0,0
BRDA:82,9,1,0
BRDA:84,10,0,0
BRDA:84,10,1,0
BRDA:156,11,0,0
BRDA:156,11,1,0
BRDA:168,12,0,0
BRDA:168,12,1,0
BRDA:170,13,0,0
BRDA:170,13,1,0
BRDA:172,14,0,0
BRDA:172,14,1,0
BRF:28
BRH:1
end_of_record
TN:
SF:G:\GoWorks\src\HotelM\middlewares\dateHelper.js
FN:7,dayoffsetBetweenTwoday
FN:18,DaysInMonth
FN:33,getDateAfterDays
FN:50,toDate
FN:65,(anonymous_5)
FNF:5
FNH:2
FNDA:0,dayoffsetBetweenTwoday
FNDA:120,DaysInMonth
FNDA:90,getDateAfterDays
FNDA:0,toDate
FNDA:0,(anonymous_5)
DA:1,1
DA:9,0
DA:10,0
DA:12,0
DA:13,0
DA:14,0
DA:19,120
DA:20,0
DA:21,120
DA:22,120
DA:23,0
DA:24,0
DA:25,0
DA:27,0
DA:29,0
DA:34,90
DA:35,90
DA:36,90
DA:37,90
DA:38,30
DA:39,30
DA:40,30
DA:41,0
DA:42,0
DA:45,90
DA:46,90
DA:51,0
DA:55,0
DA:56,0
DA:57,0
DA:58,0
DA:59,0
DA:60,0
DA:61,0
DA:62,0
DA:66,0
DA:67,0
DA:68,0
DA:69,0
DA:70,0
DA:71,0
DA:72,0
DA:73,0
LF:43
LH:13
BRDA:19,1,0,0
BRDA:19,1,1,120
BRDA:19,2,0,120
BRDA:19,2,1,120
BRDA:19,2,2,120
BRDA:19,2,3,120
BRDA:19,2,4,120
BRDA:19,2,5,120
BRDA:19,2,6,120
BRDA:21,3,0,120
BRDA:21,3,1,0
BRDA:21,4,0,120
BRDA:21,4,1,120
BRDA:21,4,2,0
BRDA:21,4,3,0
BRDA:23,5,0,0
BRDA:23,5,1,0
BRDA:24,6,0,0
BRDA:24,6,1,0
BRDA:24,7,0,0
BRDA:24,7,1,0
BRDA:37,8,0,30
BRDA:37,8,1,60
BRDA:40,9,0,0
BRDA:40,9,1,30
BRDA:69,10,0,0
BRDA:69,10,1,0
BRDA:71,11,0,0
BRDA:71,11,1,0
BRF:29
BRH:14
end_of_record
TN:
SF:G:\GoWorks\src\HotelM\models\bookInfo.js
FN:5,getBookInfoById
FN:12,getBookInfoByIdAndIdx
FN:18,getBookinfoByEnddates
FN:22,create
FN:26,(anonymous_5)
FN:28,(anonymous_6)
FN:30,(anonymous_7)
FN:49,getIndex
FN:51,(anonymous_9)
FN:68,deleteInfoByidAndIdx
FN:73,deleteInfoByid
FN:77,deleteAll
FNF:12
FNH:0
FNDA:0,getBookInfoById
FNDA:0,getBookInfoByIdAndIdx
FNDA:0,getBookinfoByEnddates
FNDA:0,create
FNDA:0,(anonymous_5)
FNDA:0,(anonymous_6)
FNDA:0,(anonymous_7)
FNDA:0,getIndex
FNDA:0,(anonymous_9)
FNDA:0,deleteInfoByidAndIdx
FNDA:0,deleteInfoByid
FNDA:0,deleteAll
DA:1,1
DA:3,1
DA:6,0
DA:13,0
DA:19,0
DA:23,0
DA:24,0
DA:25,0
DA:27,0
DA:29,0
DA:32,0
DA:50,0
DA:52,0
DA:53,0
DA:55,0
DA:69,0
DA:74,0
DA:78,0
LF:18
LH:2
BRDA:52,1,0,0
BRDA:52,1,1,0
BRDA:52,2,0,0
BRDA:52,2,1,0
BRF:4
BRH:0
end_of_record
TN:
SF:G:\GoWorks\src\HotelM\models\checkInfo.js
FN:6,getCheckInfoById
FN:14,getCheckInfoByRoom
FN:21,getCheckInfoByRoom
FN:29,getAllCheckInfo
FN:34,getCheckInfoByTimeRange
FN:41,create
FN:45,setvalidByRoomNumer
FN:49,delCheckInByRoom
FN:53,deleteAll
FNF:9
FNH:0
FNDA:0,getCheckInfoById
FNDA:0,getCheckInfoByRoom
FNDA:0,getCheckInfoByRoom
FNDA:0,getAllCheckInfo
FNDA:0,getCheckInfoByTimeRange
FNDA:0,create
FNDA:0,setvalidByRoomNumer
FNDA:0,delCheckInByRoom
FNDA:0,deleteAll
DA:1,1
DA:2,1
DA:4,1
DA:7,0
DA:15,0
DA:22,0
DA:30,0
DA:35,0
DA:43,0
DA:46,0
DA:50,0
DA:54,0
LF:12
LH:3
BRF:0
BRH:0
end_of_record
TN:
SF:G:\GoWorks\src\HotelM\models\customers.js
FN:5,getCusById
FN:13,updateCusScore
FN:18,create
FN:22,deleteAll
FNF:4
FNH:0
FNDA:0,getCusById
FNDA:0,updateCusScore
FNDA:0,create
FNDA:0,deleteAll
DA:1,1
DA:3,1
DA:6,0
DA:14,0
DA:19,0
DA:23,0
LF:6
LH:2
BRF:0
BRH:0
end_of_record
TN:
SF:G:\GoWorks\src\HotelM\routes\signout.js
FN:6,(anonymous_1)
FN:13,(anonymous_2)
FN:30,(anonymous_3)
FN:48,(anonymous_4)
FN:65,(anonymous_5)
FN:83,(anonymous_6)
FN:100,(anonymous_7)
FN:118,(anonymous_8)
FN:135,(anonymous_9)
FN:153,(anonymous_10)
FN:170,(anonymous_11)
FNF:11
FNH:0
FNDA:0,(anonymous_1)
FNDA:0,(anonymous_2)
FNDA:0,(anonymous_3)
FNDA:0,(anonymous_4)
FNDA:0,(anonymous_5)
FNDA:0,(anonymous_6)
FNDA:0,(anonymous_7)
FNDA:0,(anonymous_8)
FNDA:0,(anonymous_9)
FNDA:0,(anonymous_10)
FNDA:0,(anonymous_11)
DA:1,1
DA:2,1
DA:4,1
DA:8,0
DA:9,0
DA:11,0
DA:14,0
DA:15,0
DA:17,0
DA:18,0
DA:19,0
DA:21,0
DA:22,0
DA:25,0
DA:26,0
DA:29,0
DA:31,0
DA:32,0
DA:33,0
DA:36,0
DA:37,0
DA:38,0
DA:40,0
DA:42,0
DA:43,0
DA:45,0
DA:49,0
DA:50,0
DA:52,0
DA:53,0
DA:54,0
DA:56,0
DA:57,0
DA:60,0
DA:61,0
DA:64,0
DA:66,0
DA:67,0
DA:68,0
DA:71,0
DA:72,0
DA:73,0
DA:75,0
DA:77,0
DA:78,0
DA:80,0
DA:84,0
DA:85,0
DA:87,0
DA:88,0
DA:89,0
DA:91,0
DA:92,0
DA:95,0
DA:96,0
DA:99,0
DA:101,0
DA:102,0
DA:103,0
DA:106,0
DA:107,0
DA:108,0
DA:110,0
DA:112,0
DA:113,0
DA:115,0
DA:119,0
DA:120,0
DA:122,0
DA:123,0
DA:124,0
DA:126,0
DA:127,0
DA:130,0
DA:131,0
DA:134,0
DA:136,0
DA:137,0
DA:138,0
DA:141,0
DA:142,0
DA:143,0
DA:145,0
DA:147,0
DA:148,0
DA:150,0
DA:154,0
DA:155,0
DA:157,0
DA:158,0
DA:159,0
DA:161,0
DA:162,0
DA:165,0
DA:166,0
DA:169,0
DA:171,0
DA:172,0
DA:173,0
DA:176,0
DA:177,0
DA:178,0
DA:180,0
DA:182,0
DA:183,0
DA:185,0
LF:106
LH:3
BRDA:18,1,0,0
BRDA:18,1,1,0
BRDA:21,2,0,0
BRDA:21,2,1,0
BRDA:31,3,0,0
BRDA:31,3,1,0
BRDA:36,4,0,0
BRDA:36,4,1,0
BRDA:53,5,0,0
BRDA:53,5,1,0
BRDA:56,6,0,0
BRDA:56,6,1,0
BRDA:66,7,0,0
BRDA:66,7,1,0
BRDA:71,8,0,0
BRDA:71,8,1,0
BRDA:88,9,0,0
BRDA:88,9,1,0
BRDA:91,10,0,0
BRDA:91,10,1,0
BRDA:101,11,0,0
BRDA:101,11,1,0
BRDA:106,12,0,0
BRDA:106,12,1,0
BRDA:123,13,0,0
BRDA:123,13,1,0
BRDA:126,14,0,0
BRDA:126,14,1,0
BRDA:136,15,0,0
BRDA:136,15,1,0
BRDA:141,16,0,0
BRDA:141,16,1,0
BRDA:158,17,0,0
BRDA:158,17,1,0
BRDA:161,18,0,0
BRDA:161,18,1,0
BRDA:171,19,0,0
BRDA:171,19,1,0
BRDA:176,20,0,0
BRDA:176,20,1,0
BRF:40
BRH:0
end_of_record
TN:
SF:G:\GoWorks\src\HotelM\routes\signup.js
FN:11,(anonymous_1)
FN:16,(anonymous_2)
FN:51,(anonymous_3)
FN:62,(anonymous_4)
FNF:4
FNH:4
FNDA:5,(anonymous_1)
FNDA:6,(anonymous_2)
FNDA:1,(anonymous_3)
FNDA:1,(anonymous_4)
DA:1,1
DA:2,1
DA:3,1
DA:4,1
DA:5,1
DA:6,1
DA:7,1
DA:9,1
DA:12,5
DA:17,6
DA:18,6
DA:19,6
DA:20,6
DA:23,6
DA:24,6
DA:25,1
DA:27,5
DA:28,1
DA:30,4
DA:31,1
DA:33,3
DA:34,1
DA:37,4
DA:38,4
DA:42,2
DA:45,2
DA:50,2
DA:53,1
DA:55,1
DA:56,1
DA:58,1
DA:60,1
DA:64,1
DA:65,1
DA:66,1
DA:68,0
LF:36
LH:35
BRDA:24,1,0,1
BRDA:24,1,1,5
BRDA:24,2,0,6
BRDA:24,2,1,5
BRDA:27,3,0,1
BRDA:27,3,1,4
BRDA:30,4,0,1
BRDA:30,4,1,3
BRDA:33,5,0,1
BRDA:33,5,1,2
BRDA:64,6,0,1
BRDA:64,6,1,0
BRF:12
BRH:11
end_of_record
TN:
SF:G:\GoWorks\src\HotelM\routes\balance.js
FN:10,balancePage
FN:14,balanceSubmit
FNF:2
FNH:0
FNDA:0,balancePage
FNDA:0,balanceSubmit
DA:1,1
DA:2,1
DA:4,1
DA:5,1
DA:9,1
DA:11,0
DA:16,0
LF:7
LH:5
BRF:0
BRH:0
end_of_record
TN:
SF:G:\GoWorks\src\HotelM\routes\bookroom.js
FN:12,(anonymous_1)
FN:20,(anonymous_2)
FN:32,(anonymous_3)
FN:53,(anonymous_4)
FN:61,(anonymous_5)
FN:110,(anonymous_6)
FN:113,(anonymous_7)
FN:121,(anonymous_8)
FN:139,(anonymous_9)
FN:149,(anonymous_10)
FNF:10
FNH:0
FNDA:0,(anonymous_1)
FNDA:0,(anonymous_2)
FNDA:0,(anonymous_3)
FNDA:0,(anonymous_4)
FNDA:0,(anonymous_5)
FNDA:0,(anonymous_6)
FNDA:0,(anonymous_7)
FNDA:0,(anonymous_8)
FNDA:0,(anonymous_9)
FNDA:0,(anonymous_10)
DA:1,1
DA:2,1
DA:4,1
DA:5,1
DA:6,1
DA:7,1
DA:8,1
DA:10,1
DA:14,0
DA:15,0
DA:17,0
DA:23,0
DA:31,0
DA:33,0
DA:35,0
DA:36,0
DA:37,0
DA:39,0
DA:40,0
DA:41,0
DA:55,0
DA:56,0
DA:58,0
DA:62,0
DA:63,0
DA:65,0
DA:66,0
DA:67,0
DA:68,0
DA:72,0
DA:75,0
DA:76,0
DA:77,0
DA:79,0
DA:80,0
DA:85,0
DA:86,0
DA:88,0
DA:89,0
DA:91,0
DA:92,0
DA:94,0
DA:95,0
DA:97,0
DA:98,0
DA:99,0
DA:102,0
DA:103,0
DA:107,0
DA:108,0
DA:109,0
DA:110,0
DA:111,0
DA:112,0
DA:114,0
DA:117,0
DA:118,0
DA:119,0
DA:122,0
DA:123,0
DA:129,0
DA:137,0
DA:138,0
DA:141,0
DA:142,0
DA:143,0
DA:145,0
DA:147,0
DA:151,0
DA:152,0
DA:153,0
DA:154,0
LF:72
LH:8
BRDA:33,1,0,0
BRDA:33,1,1,0
BRDA:76,2,0,0
BRDA:76,2,1,0
BRDA:76,3,0,0
BRDA:76,3,1,0
BRDA:79,4,0,0
BRDA:79,4,1,0
BRDA:79,5,0,0
BRDA:79,5,1,0
BRDA:79,5,2,0
BRDA:79,5,3,0
BRDA:85,6,0,0
BRDA:85,6,1,0
BRDA:88,7,0,0
BRDA:88,7,1,0
BRDA:91,8,0,0
BRDA:91,8,1,0
BRDA:94,9,0,0
BRDA:94,9,1,0
BRDA:98,10,0,0
BRDA:98,10,1,0
BRDA:114,11,0,0
BRDA:114,11,1,0
BRDA:114,12,0,0
BRDA:114,12,1,0
BRDA:114,12,2,0
BRDA:114,12,3,0
BRDA:114,12,4,0
BRDA:114,12,5,0
BRDA:141,13,0,0
BRDA:141,13,1,0
BRF:32
BRH:0
end_of_record
TN:
SF:G:\GoWorks\src\HotelM\routes\checkout.js
FN:13,(anonymous_1)
FN:21,(anonymous_2)
FN:27,(anonymous_3)
FN:50,(anonymous_4)
FN:58,(anonymous_5)
FN:68,(anonymous_6)
FN:78,(anonymous_7)
FN:83,(anonymous_8)
FN:86,(anonymous_9)
FN:94,(anonymous_10)
FN:97,(anonymous_11)
FNF:11
FNH:0
FNDA:0,(anonymous_1)
FNDA:0,(anonymous_2)
FNDA:0,(anonymous_3)
FNDA:0,(anonymous_4)
FNDA:0,(anonymous_5)
FNDA:0,(anonymous_6)
FNDA:0,(anonymous_7)
FNDA:0,(anonymous_8)
FNDA:0,(anonymous_9)
FNDA:0,(anonymous_10)
FNDA:0,(anonymous_11)
DA:1,1
DA:2,1
DA:4,1
DA:5,1
DA:6,1
DA:7,1
DA:8,1
DA:9,1
DA:10,1
DA:12,1
DA:15,0
DA:17,0
DA:24,0
DA:26,0
DA:28,0
DA:29,0
DA:30,0
DA:31,0
DA:33,0
DA:34,0
DA:35,0
DA:38,0
DA:41,0
DA:42,0
DA:43,0
DA:52,0
DA:54,0
DA:61,0
DA:62,0
DA:63,0
DA:64,0
DA:65,0
DA:67,0
DA:69,0
DA:71,0
DA:74,0
DA:80,0
DA:81,0
DA:85,0
DA:87,0
DA:88,0
DA:89,0
DA:91,0
DA:95,0
DA:98,0
DA:99,0
DA:100,0
DA:101,0
LF:48
LH:10
BRDA:28,1,0,0
BRDA:28,1,1,0
BRDA:33,2,0,0
BRDA:33,2,1,0
BRDA:69,3,0,0
BRDA:69,3,1,0
BRDA:88,4,0,0
BRDA:88,4,1,0
BRF:8
BRH:0
end_of_record
TN:
SF:G:\GoWorks\src\HotelM\routes\manageroom.js
FN:14,(anonymous_1)
FN:16,(anonymous_2)
FN:22,(anonymous_3)
FN:49,(anonymous_4)
FN:54,(anonymous_5)
FN:84,(anonymous_6)
FN:92,(anonymous_7)
FN:103,(anonymous_8)
FN:108,(anonymous_9)
FN:127,(anonymous_10)
FN:135,(anonymous_11)
FN:148,(anonymous_12)
FN:157,(anonymous_13)
FN:162,(anonymous_14)
FN:253,(anonymous_15)
FN:258,(anonymous_16)
FNF:16
FNH:0
FNDA:0,(anonymous_1)
FNDA:0,(anonymous_2)
FNDA:0,(anonymous_3)
FNDA:0,(anonymous_4)
FNDA:0,(anonymous_5)
FNDA:0,(anonymous_6)
FNDA:0,(anonymous_7)
FNDA:0,(anonymous_8)
FNDA:0,(anonymous_9)
FNDA:0,(anonymous_10)
FNDA:0,(anonymous_11)
FNDA:0,(anonymous_12)
FNDA:0,(anonymous_13)
FNDA:0,(anonymous_14)
FNDA:0,(anonymous_15)
FNDA:0,(anonymous_16)
DA:1,1
DA:2,1
DA:4,1
DA:5,1
DA:6,1
DA:7,1
DA:8,1
DA:9,1
DA:10,1
DA:12,1
DA:15,0
DA:17,0
DA:18,0
DA:21,0
DA:22,0
DA:23,0
DA:24,0
DA:44,0
DA:50,0
DA:55,0
DA:56,0
DA:57,0
DA:60,0
DA:61,0
DA:62,0
DA:64,0
DA:65,0
DA:67,0
DA:68,0
DA:71,0
DA:72,0
DA:76,0
DA:83,0
DA:86,0
DA:88,0
DA:90,0
DA:94,0
DA:95,0
DA:96,0
DA:98,0
DA:104,0
DA:109,0
DA:110,0
DA:113,0
DA:114,0
DA:115,0
DA:117,0
DA:118,0
DA:121,0
DA:122,0
DA:127,0
DA:128,0
DA:129,0
DA:130,0
DA:132,0
DA:134,0
DA:136,0
DA:138,0
DA:140,0
DA:142,0
DA:145,0
DA:146,0
DA:150,0
DA:151,0
DA:152,0
DA:158,0
DA:163,0
DA:164,0
DA:165,0
DA:166,0
DA:167,0
DA:171,0
DA:172,0
DA:173,0
DA:174,0
DA:175,0
DA:176,0
DA:177,0
DA:180,0
DA:182,0
DA:183,0
DA:185,0
DA:186,0
DA:188,0
DA:189,0
DA:191,0
DA:192,0
DA:196,0
DA:197,0
DA:199,0
DA:200,0
DA:202,0
DA:203,0
DA:205,0
DA:206,0
DA:209,0
DA:210,0
DA:213,0
DA:214,0
DA:216,0
DA:217,0
DA:220,0
DA:222,0
DA:254,0
DA:259,0
DA:262,0
DA:263,0
DA:264,0
DA:267,0
DA:268,0
DA:272,0
DA:273,0
DA:274,0
LF:113
LH:10
BRDA:17,1,0,0
BRDA:17,1,1,0
BRDA:23,2,0,0
BRDA:23,2,1,0
BRDA:61,3,0,0
BRDA:61,3,1,0
BRDA:61,4,0,0
BRDA:61,4,1,0
BRDA:64,5,0,0
BRDA:64,5,1,0
BRDA:64,6,0,0
BRDA:64,6,1,0
BRDA:64,6,2,0
BRDA:64,6,3,0
BRDA:67,7,0,0
BRDA:67,7,1,0
BRDA:94,8,0,0
BRDA:94,8,1,0
BRDA:114,9,0,0
BRDA:114,9,1,0
BRDA:117,10,0,0
BRDA:117,10,1,0
BRDA:128,11,0,0
BRDA:128,11,1,0
BRDA:136,12,0,0
BRDA:136,12,1,0
BRDA:174,13,0,0
BRDA:174,13,1,0
BRDA:176,14,0,0
BRDA:176,14,1,0
BRDA:182,15,0,0
BRDA:182,15,1,0
BRDA:185,16,0,0
BRDA:185,16,1,0
BRDA:188,17,0,0
BRDA:188,17,1,0
BRDA:191,18,0,0
BRDA:191,18,1,0
BRDA:196,19,0,0
BRDA:196,19,1,0
BRDA:196,20,0,0
BRDA:196,20,1,0
BRDA:196,20,2,0
BRDA:196,20,3,0
BRDA:199,21,0,0
BRDA:199,21,1,0
BRDA:199,22,0,0
BRDA:199,22,1,0
BRDA:202,23,0,0
BRDA:202,23,1,0
BRDA:205,24,0,0
BRDA:205,24,1,0
BRDA:214,25,0,0
BRDA:214,25,1,0
BRDA:214,26,0,0
BRDA:214,26,1,0
BRDA:263,27,0,0
BRDA:263,27,1,0
BRF:58
BRH:0
end_of_record
TN:
SF:G:\GoWorks\src\HotelM\routes\balanceclear.js
FN:14,(anonymous_1)
FN:18,(anonymous_2)
FN:29,(anonymous_3)
FN:31,(anonymous_4)
FN:34,(anonymous_5)
FNF:5
FNH:0
FNDA:0,(anonymous_1)
FNDA:0,(anonymous_2)
FNDA:0,(anonymous_3)
FNDA:0,(anonymous_4)
FNDA:0,(anonymous_5)
DA:1,1
DA:2,1
DA:4,1
DA:5,1
DA:6,1
DA:7,1
DA:8,1
DA:12,1
DA:15,0
DA:20,0
DA:22,0
DA:23,0
DA:24,0
DA:25,0
DA:26,0
DA:28,0
DA:29,0
DA:30,0
DA:32,0
DA:33,0
DA:35,0
DA:36,0
DA:37,0
DA:41,0
DA:42,0
DA:46,0
DA:47,0
LF:27
LH:8
BRDA:32,1,0,0
BRDA:32,1,1,0
BRDA:35,2,0,0
BRDA:35,2,1,0
BRF:4
BRH:0
end_of_record
TN:
SF:G:\GoWorks\src\HotelM\routes\searchcus.js
FN:12,(anonymous_1)
FN:17,(anonymous_2)
FN:31,(anonymous_3)
FNF:3
FNH:0
FNDA:0,(anonymous_1)
FNDA:0,(anonymous_2)
FNDA:0,(anonymous_3)
DA:2,1
DA:3,1
DA:5,1
DA:6,1
DA:7,1
DA:10,1
DA:13,0
DA:14,0
DA:18,0
DA:21,0
DA:22,0
DA:23,0
DA:26,0
DA:27,0
DA:30,0
DA:32,0
DA:33,0
DA:34,0
DA:35,0
DA:37,0
DA:38,0
DA:39,0
LF:22
LH:6
BRDA:22,1,0,0
BRDA:22,1,1,0
BRDA:32,2,0,0
BRDA:32,2,1,0
BRF:4
BRH:0
end_of_record
TN:
SF:G:\GoWorks\src\HotelM\routes\checkin.js
FN:14,(anonymous_1)
FN:27,(anonymous_2)
FN:34,(anonymous_3)
FN:49,(anonymous_4)
FN:65,(anonymous_5)
FN:75,(anonymous_6)
FN:84,(anonymous_7)
FN:93,(anonymous_8)
FN:126,(anonymous_9)
FN:140,(anonymous_10)
FN:161,(anonymous_11)
FN:178,(anonymous_12)
FN:232,(anonymous_13)
FN:271,(anonymous_14)
FN:273,(anonymous_15)
FN:276,(anonymous_16)
FN:302,(anonymous_17)
FN:311,(anonymous_18)
FN:335,(anonymous_19)
FN:344,(anonymous_20)
FN:354,(anonymous_21)
FN:363,(anonymous_22)
FN:365,(anonymous_23)
FN:369,(anonymous_24)
FN:383,(anonymous_25)
FN:393,(anonymous_26)
FN:396,(anonymous_27)
FN:405,(anonymous_28)
FNF:28
FNH:0
FNDA:0,(anonymous_1)
FNDA:0,(anonymous_2)
FNDA:0,(anonymous_3)
FNDA:0,(anonymous_4)
FNDA:0,(anonymous_5)
FNDA:0,(anonymous_6)
FNDA:0,(anonymous_7)
FNDA:0,(anonymous_8)
FNDA:0,(anonymous_9)
FNDA:0,(anonymous_10)
FNDA:0,(anonymous_11)
FNDA:0,(anonymous_12)
FNDA:0,(anonymous_13)
FNDA:0,(anonymous_14)
FNDA:0,(anonymous_15)
FNDA:0,(anonymous_16)
FNDA:0,(anonymous_17)
FNDA:0,(anonymous_18)
FNDA:0,(anonymous_19)
FNDA:0,(anonymous_20)
FNDA:0,(anonymous_21)
FNDA:0,(anonymous_22)
FNDA:0,(anonymous_23)
FNDA:0,(anonymous_24)
FNDA:0,(anonymous_25)
FNDA:0,(anonymous_26)
FNDA:0,(anonymous_27)
FNDA:0,(anonymous_28)
DA:1,1
DA:2,1
DA:4,1
DA:5,1
DA:6,1
DA:7,1
DA:8,1
DA:9,1
DA:10,1
DA:12,1
DA:16,0
DA:17,0
DA:18,0
DA:19,0
DA:20,0
DA:21,0
DA:22,0
DA:25,0
DA:26,0
DA:28,0
DA:29,0
DA:32,0
DA:35,0
DA:36,0
DA:40,0
DA:50,0
DA:51,0
DA:55,0
DA:56,0
DA:57,0
DA:60,0
DA:61,0
DA:64,0
DA:66,0
DA:67,0
DA:68,0
DA:76,0
DA:77,0
DA:78,0
DA:79,0
DA:82,0
DA:83,0
DA:85,0
DA:86,0
DA:88,0
DA:92,0
DA:96,0
DA:97,0
DA:98,0
DA:99,0
DA:100,0
DA:104,0
DA:105,0
DA:106,0
DA:107,0
DA:110,0
DA:112,0
DA:115,0
DA:127,0
DA:130,0
DA:131,0
DA:132,0
DA:135,0
DA:136,0
DA:139,0
DA:141,0
DA:142,0
DA:143,0
DA:144,0
DA:145,0
DA:146,0
DA:149,0
DA:150,0
DA:152,0
DA:153,0
DA:164,0
DA:165,0
DA:166,0
DA:167,0
DA:168,0
DA:169,0
DA:170,0
DA:172,0
DA:179,0
DA:180,0
DA:181,0
DA:183,0
DA:184,0
DA:185,0
DA:186,0
DA:187,0
DA:190,0
DA:191,0
DA:193,0
DA:194,0
DA:195,0
DA:197,0
DA:198,0
DA:200,0
DA:201,0
DA:203,0
DA:204,0
DA:206,0
DA:207,0
DA:209,0
DA:210,0
DA:212,0
DA:213,0
DA:215,0
DA:216,0
DA:218,0
DA:219,0
DA:220,0
DA:223,0
DA:225,0
DA:228,0
DA:229,0
DA:232,0
DA:234,0
DA:235,0
DA:236,0
DA:239,0
DA:240,0
DA:243,0
DA:252,0
DA:256,0
DA:257,0
DA:258,0
DA:271,0
DA:272,0
DA:273,0
DA:274,0
DA:275,0
DA:277,0
DA:278,0
DA:280,0
DA:281,0
DA:282,0
DA:283,0
DA:285,0
DA:286,0
DA:288,0
DA:289,0
DA:290,0
DA:291,0
DA:293,0
DA:294,0
DA:296,0
DA:297,0
DA:298,0
DA:299,0
DA:303,0
DA:304,0
DA:307,0
DA:313,0
DA:314,0
DA:315,0
DA:316,0
DA:317,0
DA:319,0
DA:323,0
DA:324,0
DA:326,0
DA:334,0
DA:336,0
DA:342,0
DA:343,0
DA:346,0
DA:347,0
DA:353,0
DA:355,0
DA:365,0
DA:368,0
DA:370,0
DA:372,0
DA:373,0
DA:374,0
DA:376,0
DA:379,0
DA:381,0
DA:383,0
DA:384,0
DA:386,0
DA:389,0
DA:390,0
DA:391,0
DA:395,0
DA:398,0
DA:401,0
DA:408,0
DA:409,0
DA:410,0
DA:412,0
LF:193
LH:10
BRDA:25,1,0,0
BRDA:25,1,1,0
BRDA:28,2,0,0
BRDA:28,2,1,0
BRDA:29,3,0,0
BRDA:29,3,1,0
BRDA:56,4,0,0
BRDA:56,4,1,0
BRDA:66,5,0,0
BRDA:66,5,1,0
BRDA:66,6,0,0
BRDA:66,6,1,0
BRDA:85,7,0,0
BRDA:85,7,1,0
BRDA:96,8,0,0
BRDA:96,8,1,0
BRDA:96,9,0,0
BRDA:96,9,1,0
BRDA:104,10,0,0
BRDA:104,10,1,0
BRDA:131,11,0,0
BRDA:131,11,1,0
BRDA:141,12,0,0
BRDA:141,12,1,0
BRDA:194,13,0,0
BRDA:194,13,1,0
BRDA:194,14,0,0
BRDA:194,14,1,0
BRDA:197,15,0,0
BRDA:197,15,1,0
BRDA:200,16,0,0
BRDA:200,16,1,0
BRDA:200,17,0,0
BRDA:200,17,1,0
BRDA:203,18,0,0
BRDA:203,18,1,0
BRDA:203,19,0,0
BRDA:203,19,1,0
BRDA:203,19,2,0
BRDA:206,20,0,0
BRDA:206,20,1,0
BRDA:209,21,0,0
BRDA:209,21,1,0
BRDA:212,22,0,0
BRDA:212,22,1,0
BRDA:215,23,0,0
BRDA:215,23,1,0
BRDA:219,24,0,0
BRDA:219,24,1,0
BRDA:235,25,0,0
BRDA:235,25,1,0
BRDA:235,26,0,0
BRDA:235,26,1,0
BRDA:277,27,0,0
BRDA:277,27,1,0
BRDA:278,28,0,0
BRDA:278,28,1,0
BRDA:281,29,0,0
BRDA:281,29,1,0
BRDA:281,30,0,0
BRDA:281,30,1,0
BRDA:285,31,0,0
BRDA:285,31,1,0
BRDA:286,32,0,0
BRDA:286,32,1,0
BRDA:289,33,0,0
BRDA:289,33,1,0
BRDA:289,34,0,0
BRDA:289,34,1,0
BRDA:293,35,0,0
BRDA:293,35,1,0
BRDA:294,36,0,0
BRDA:294,36,1,0
BRDA:297,37,0,0
BRDA:297,37,1,0
BRDA:297,38,0,0
BRDA:297,38,1,0
BRDA:314,39,0,0
BRDA:314,39,1,0
BRDA:316,40,0,0
BRDA:316,40,1,0
BRDA:323,41,0,0
BRDA:323,41,1,0
BRDA:372,42,0,0
BRDA:372,42,1,0
BRDA:381,43,0,0
BRDA:381,43,1,0
BRDA:384,44,0,0
BRDA:384,44,1,0
BRDA:408,45,0,0
BRDA:408,45,1,0
BRF:91
BRH:0
end_of_record
TN:
SF:G:\GoWorks\src\HotelM\routes\finance.js
FN:19,(anonymous_1)
FN:32,(anonymous_2)
FN:61,(anonymous_3)
FNF:3
FNH:0
FNDA:0,(anonymous_1)
FNDA:0,(anonymous_2)
FNDA:0,(anonymous_3)
DA:1,1
DA:2,1
DA:4,1
DA:5,1
DA:6,1
DA:7,1
DA:16,1
DA:27,0
DA:28,0
DA:33,0
DA:34,0
DA:35,0
DA:38,0
DA:39,0
DA:40,0
DA:42,0
DA:43,0
DA:45,0
DA:46,0
DA:48,0
DA:49,0
DA:51,0
DA:52,0
DA:55,0
DA:56,0
DA:60,0
DA:62,0
DA:63,0
DA:64,0
DA:68,0
DA:70,0
LF:31
LH:7
BRDA:39,1,0,0
BRDA:39,1,1,0
BRDA:39,2,0,0
BRDA:39,2,1,0
BRDA:42,3,0,0
BRDA:42,3,1,0
BRDA:42,4,0,0
BRDA:42,4,1,0
BRDA:45,5,0,0
BRDA:45,5,1,0
BRDA:45,6,0,0
BRDA:45,6,1,0
BRDA:48,7,0,0
BRDA:48,7,1,0
BRDA:48,8,0,0
BRDA:48,8,1,0
BRDA:51,9,0,0
BRDA:51,9,1,0
BRDA:62,10,0,0
BRDA:62,10,1,0
BRF:20
BRH:0
end_of_record
